2025-10-12 14:40:22 [info]: ::1 - GET /api/v1/products?page=1&limit=20 304 - 11ms
2025-10-12 14:40:22 [info]: ::1 - GET /api/v1/buyer/cart 304 - 36ms
2025-10-12 14:40:31 [info]: ::1 - GET /api/v1/products?page=1&limit=20 304 - 5ms
2025-10-12 14:40:31 [info]: ::1 - GET /api/v1/buyer/cart 304 - 5ms
2025-10-12 14:41:32 [info]: ::1 - GET /api/v1/products?page=1&limit=20 304 - 9ms
2025-10-12 14:41:32 [info]: ::1 - GET /api/v1/buyer/cart 304 - 8ms
2025-10-12 14:41:35 [info]: ::1 - GET /api/v1/products?page=1&limit=20 304 - 2ms
2025-10-12 14:41:35 [info]: ::1 - GET /api/v1/buyer/cart 304 - 3ms
2025-10-12 14:41:52 [info]: ::1 - GET /api/v1/products?page=1&limit=20 304 - 5ms
2025-10-12 14:41:52 [info]: ::1 - GET /api/v1/buyer/cart 304 - 7ms
2025-10-12 14:43:06 [info]: ::1 - GET /api/v1/products?page=1&limit=20 304 - 6ms
2025-10-12 14:43:06 [info]: ::1 - GET /api/v1/buyer/cart 304 - 9ms
2025-10-12 14:43:30 [info]: ::1 - GET /api/v1/products?page=1&limit=20 304 - 15ms
2025-10-12 14:43:30 [info]: ::1 - GET /api/v1/buyer/cart 304 - 8ms
2025-10-12 14:43:36 [info]: ::1 - GET /api/v1/categories/top 304 - 5ms
2025-10-12 14:43:36 [info]: ::1 - GET /api/v1/products 304 - 4ms
2025-10-12 14:43:36 [info]: ::1 - GET /api/v1/buyer/cart 304 - 5ms
2025-10-12 14:43:51 [info]: ::1 - GET /api/v1/products/flash-sale 304 - 4ms
2025-10-12 14:43:51 [info]: ::1 - GET /api/v1/categories/top 304 - 3ms
2025-10-12 14:45:44 [info]: ::1 - GET /api/v1/buyer/cart 304 - 5ms
2025-10-12 14:45:44 [info]: ::1 - GET /api/v1/categories/top 304 - 3ms
2025-10-12 14:45:44 [info]: ::1 - GET /api/v1/products 304 - 2ms
2025-10-12 14:55:28 [info]: ::1 - GET /api/v1/categories/top 304 - 6ms
2025-10-12 14:55:28 [info]: ::1 - GET /api/v1/buyer/cart 304 - 12ms
2025-10-12 14:55:28 [info]: ::1 - GET /api/v1/products 304 - 12ms
2025-10-12 14:58:16 [info]: ::1 - GET /api/v1/buyer/cart 304 - 8ms
2025-10-12 14:58:16 [info]: ::1 - GET /api/v1/categories/top 304 - 7ms
2025-10-12 14:58:16 [info]: ::1 - GET /api/v1/products 304 - 4ms
2025-10-12 14:58:18 [info]: ::1 - GET /api/v1/products/flash-sale 304 - 2ms
2025-10-12 14:58:20 [info]: ::1 - GET /api/v1/categories/top 304 - 4ms
2025-10-12 14:58:20 [info]: ::1 - GET /api/v1/products 304 - 4ms
2025-10-12 14:58:20 [info]: ::1 - GET /api/v1/buyer/cart 304 - 5ms
2025-10-12 14:58:21 [info]: ::1 - GET /api/v1/products/flash-sale 304 - 2ms
2025-10-12 14:58:27 [info]: ::1 - GET /api/v1/categories/top 304 - 2ms
2025-10-12 14:58:27 [info]: ::1 - GET /api/v1/products 304 - 3ms
2025-10-12 14:58:27 [info]: ::1 - GET /api/v1/buyer/cart 304 - 6ms
2025-10-12 15:00:44 [info]: ::1 - GET /api/v1/buyer/cart 304 - 9ms
2025-10-12 15:00:44 [info]: ::1 - GET /api/v1/categories/top 304 - 7ms
2025-10-12 15:00:44 [info]: ::1 - GET /api/v1/products 304 - 5ms
2025-10-12 15:01:02 [info]: ::1 - GET /api/v1/buyer/cart 304 - 11ms
2025-10-12 15:01:02 [info]: ::1 - GET /api/v1/categories/top 304 - 9ms
2025-10-12 15:01:02 [info]: ::1 - GET /api/v1/products 304 - 7ms
2025-10-12 15:01:04 [info]: ::1 - GET /api/v1/categories/top 304 - 8ms
2025-10-12 15:01:04 [info]: ::1 - GET /api/v1/products/flash-sale 304 - 9ms
2025-10-12 15:01:04 [info]: ::1 - GET /api/v1/buyer/cart 304 - 11ms
2025-10-12 15:01:07 [info]: ::1 - GET /api/v1/products/flash-sale 304 - 5ms
2025-10-12 15:01:07 [info]: ::1 - GET /api/v1/categories/top 304 - 6ms
2025-10-12 15:01:07 [info]: ::1 - GET /api/v1/buyer/cart 304 - 8ms
2025-10-12 15:01:09 [info]: ::1 - GET /api/v1/categories/top 304 - 1ms
2025-10-12 15:01:09 [info]: ::1 - GET /api/v1/products/flash-sale 304 - 2ms
2025-10-12 15:01:09 [info]: ::1 - GET /api/v1/buyer/cart 304 - 5ms
2025-10-12 15:01:37 [info]: ::1 - GET /api/v1/buyer/cart 304 - 7ms
2025-10-12 15:01:37 [info]: ::1 - GET /api/v1/categories/top 304 - 7ms
2025-10-12 15:01:37 [info]: ::1 - GET /api/v1/products/flash-sale 304 - 7ms
2025-10-12 15:01:42 [info]: ::1 - GET /api/v1/products/flash-sale 304 - 6ms
2025-10-12 15:01:42 [info]: ::1 - GET /api/v1/categories/top 304 - 6ms
2025-10-12 15:01:42 [info]: ::1 - GET /api/v1/buyer/cart 304 - 10ms
2025-10-12 15:01:43 [info]: ::1 - GET /api/v1/products 304 - 7ms
2025-10-12 15:02:40 [info]: ::1 - GET /api/v1/buyer/cart 304 - 6ms
2025-10-12 15:02:40 [info]: ::1 - GET /api/v1/categories/top 304 - 5ms
2025-10-12 15:02:40 [info]: ::1 - GET /api/v1/products 304 - 5ms
2025-10-12 15:02:42 [info]: ::1 - GET /api/v1/categories/top 304 - 7ms
2025-10-12 15:02:42 [info]: ::1 - GET /api/v1/products/flash-sale 304 - 5ms
2025-10-12 15:02:42 [info]: ::1 - GET /api/v1/buyer/cart 304 - 10ms
2025-10-12 15:02:43 [info]: ::1 - GET /api/v1/products 304 - 5ms
2025-10-12 15:02:46 [info]: ::1 - GET /api/v1/products 304 - 3ms
2025-10-12 15:02:46 [info]: ::1 - GET /api/v1/categories/top 304 - 2ms
2025-10-12 15:02:46 [info]: ::1 - GET /api/v1/buyer/cart 304 - 3ms
2025-10-12 15:02:48 [info]: ::1 - GET /api/v1/categories/top 304 - 3ms
2025-10-12 15:02:48 [info]: ::1 - GET /api/v1/products 304 - 3ms
2025-10-12 15:02:48 [info]: ::1 - GET /api/v1/buyer/cart 304 - 5ms
2025-10-12 15:02:50 [info]: ::1 - GET /api/v1/categories/top 304 - 5ms
2025-10-12 15:02:50 [info]: ::1 - GET /api/v1/products/flash-sale 304 - 4ms
2025-10-12 15:02:50 [info]: ::1 - GET /api/v1/buyer/cart 304 - 5ms
2025-10-12 15:03:49 [info]: ::1 - GET /api/v1/buyer/cart 304 - 8ms
2025-10-12 15:03:49 [info]: ::1 - GET /api/v1/categories/top 304 - 5ms
2025-10-12 15:03:49 [info]: ::1 - GET /api/v1/products/flash-sale 304 - 3ms
2025-10-12 15:05:28 [info]: ::1 - GET /api/v1/buyer/cart 304 - 10ms
2025-10-12 15:05:28 [info]: ::1 - GET /api/v1/categories/top 304 - 9ms
2025-10-12 15:05:28 [info]: ::1 - GET /api/v1/products/flash-sale 304 - 7ms
2025-10-12 15:05:30 [info]: ::1 - GET /api/v1/categories/top 304 - 5ms
2025-10-12 15:05:30 [info]: ::1 - GET /api/v1/products 304 - 7ms
2025-10-12 15:05:30 [info]: ::1 - GET /api/v1/buyer/cart 304 - 9ms
2025-10-12 15:05:32 [info]: ::1 - GET /api/v1/categories/top 304 - 3ms
2025-10-12 15:05:32 [info]: ::1 - GET /api/v1/products/flash-sale 304 - 3ms
2025-10-12 15:05:32 [info]: ::1 - GET /api/v1/buyer/cart 304 - 5ms
2025-10-12 15:05:36 [info]: ::1 - GET /api/v1/categories 304 - 5ms
2025-10-12 15:05:37 [info]: ::1 - GET /api/v1/categories/top 304 - 6ms
2025-10-12 15:05:37 [info]: ::1 - GET /api/v1/products/flash-sale 304 - 8ms
2025-10-12 15:05:37 [info]: ::1 - GET /api/v1/buyer/cart 304 - 9ms
2025-10-12 15:05:47 [info]: ::1 - GET /api/v1/categories 200 - 3ms
2025-10-12 15:06:57 [info]: ::1 - GET /api/v1/categories 200 - 6ms
2025-10-12 15:06:57 [info]: ::1 - GET /api/v1/buyer/cart 304 - 10ms
2025-10-12 15:08:37 [info]: ::1 - GET /api/v1/buyer/cart 304 - 3ms
2025-10-12 15:09:30 [info]: ::1 - GET /api/v1/categories 200 - 3ms
2025-10-12 15:09:30 [info]: ::1 - GET /api/v1/buyer/cart 304 - 5ms
2025-10-12 15:09:55 [info]: ::1 - GET /api/v1/categories 200 - 3ms
2025-10-12 15:09:55 [info]: ::1 - GET /api/v1/buyer/cart 304 - 8ms
2025-10-12 15:09:58 [info]: ::1 - GET /api/v1/products?page=1&limit=20 304 - 3ms
2025-10-12 15:09:58 [info]: ::1 - GET /api/v1/buyer/cart 304 - 4ms
2025-10-12 15:09:59 [info]: ::1 - GET /api/v1/categories/top 304 - 3ms
2025-10-12 15:09:59 [info]: ::1 - GET /api/v1/products 304 - 3ms
2025-10-12 15:38:58 [info]: ::1 - GET /api/v1/categories/top 304 - 7ms
2025-10-12 15:38:58 [info]: ::1 - GET /api/v1/buyer/cart 304 - 12ms
2025-10-12 15:38:58 [info]: ::1 - GET /api/v1/products 304 - 31ms
2025-10-12 15:39:01 [info]: ::1 - GET /api/v1/products?page=1&limit=20 304 - 5ms
2025-10-12 15:39:01 [info]: ::1 - GET /api/v1/buyer/cart 304 - 13ms
2025-10-12 15:39:02 [info]: ::1 - GET /api/v1/categories/top 304 - 3ms
2025-10-12 15:39:02 [info]: ::1 - GET /api/v1/products 304 - 4ms
2025-10-12 15:39:04 [info]: ::1 - GET /api/v1/products/flash-sale 304 - 3ms
2025-10-12 15:39:04 [info]: ::1 - GET /api/v1/buyer/cart 304 - 4ms
2025-10-12 15:39:05 [info]: ::1 - GET /api/v1/categories 200 - 3ms
2025-10-12 15:39:06 [info]: ::1 - GET /api/v1/categories/top 304 - 5ms
2025-10-12 15:39:06 [info]: ::1 - GET /api/v1/products/flash-sale 304 - 4ms
2025-10-12 15:39:06 [info]: ::1 - GET /api/v1/buyer/cart 304 - 6ms
2025-10-12 15:39:08 [info]: ::1 - GET /api/v1/categories/top 304 - 5ms
2025-10-12 15:39:08 [info]: ::1 - GET /api/v1/products 304 - 5ms
2025-10-12 15:39:08 [info]: ::1 - GET /api/v1/buyer/cart 304 - 6ms
2025-10-12 15:39:29 [info]: ::1 - GET /api/v1/categories/top 304 - 4ms
2025-10-12 15:39:29 [info]: ::1 - GET /api/v1/products 304 - 5ms
2025-10-12 15:39:29 [info]: ::1 - GET /api/v1/buyer/cart 304 - 7ms
2025-10-12 15:39:34 [info]: ::1 - GET /api/v1/categories/top 304 - 5ms
2025-10-12 15:39:34 [info]: ::1 - GET /api/v1/buyer/cart 304 - 9ms
2025-10-12 15:39:34 [info]: ::1 - GET /api/v1/products 304 - 7ms
2025-10-12 15:39:37 [info]: ::1 - GET /api/v1/categories/top 304 - 5ms
2025-10-12 15:39:37 [info]: ::1 - GET /api/v1/products/flash-sale 304 - 4ms
2025-10-12 15:39:37 [info]: ::1 - GET /api/v1/buyer/cart 304 - 5ms
2025-10-12 15:39:38 [info]: ::1 - GET /api/v1/products 304 - 2ms
2025-10-12 15:39:44 [info]: ::1 - GET /api/v1/categories/top 304 - 4ms
2025-10-12 15:39:44 [info]: ::1 - GET /api/v1/products 304 - 8ms
2025-10-12 15:39:44 [info]: ::1 - GET /api/v1/buyer/cart 304 - 11ms
2025-10-12 15:40:35 [info]: ::1 - GET /api/v1/buyer/cart 304 - 6ms
2025-10-12 15:40:35 [info]: ::1 - GET /api/v1/categories/top 304 - 8ms
2025-10-12 15:40:35 [info]: ::1 - GET /api/v1/products 304 - 9ms
2025-10-12 15:40:37 [info]: ::1 - GET /api/v1/buyer/cart 304 - 3ms
2025-10-12 15:40:37 [info]: ::1 - GET /api/v1/categories/top 304 - 2ms
2025-10-12 15:40:37 [info]: ::1 - GET /api/v1/products 304 - 2ms
2025-10-12 15:40:42 [info]: ::1 - GET /api/v1/products/flash-sale 304 - 2ms
2025-10-12 15:40:42 [info]: ::1 - GET /api/v1/categories/top 304 - 3ms
2025-10-12 15:40:42 [info]: ::1 - GET /api/v1/buyer/cart 304 - 10ms
2025-10-12 15:41:19 [info]: ::1 - GET /api/v1/buyer/cart 304 - 6ms
2025-10-12 15:41:19 [info]: ::1 - GET /api/v1/categories/top 304 - 4ms
2025-10-12 15:41:19 [info]: ::1 - GET /api/v1/products/flash-sale 304 - 3ms
2025-10-12 15:41:21 [info]: ::1 - GET /api/v1/categories 200 - 2ms
2025-10-12 15:41:23 [info]: ::1 - GET /api/v1/brands 304 - 17ms
2025-10-12 15:42:41 [info]: ::1 - GET /api/v1/brands 304 - 2ms
2025-10-12 15:42:41 [info]: ::1 - GET /api/v1/buyer/cart 304 - 2ms
2025-10-12 15:42:46 [info]: ::1 - GET /api/v1/brands 304 - 5ms
2025-10-12 15:42:46 [info]: ::1 - GET /api/v1/buyer/cart 304 - 6ms
2025-10-12 15:43:21 [info]: ::1 - GET /api/v1/brands 304 - 2ms
2025-10-12 15:43:21 [info]: ::1 - GET /api/v1/buyer/cart 304 - 4ms
2025-10-12 15:43:54 [info]: ::1 - GET /api/v1/brands 304 - 4ms
2025-10-12 15:43:54 [info]: ::1 - GET /api/v1/buyer/cart 304 - 10ms
2025-10-12 15:44:00 [info]: ::1 - GET /api/v1/brands 304 - 2ms
2025-10-12 15:44:00 [info]: ::1 - GET /api/v1/buyer/cart 304 - 5ms
2025-10-12 15:44:44 [info]: ::1 - GET /api/v1/buyer/cart 304 - 3ms
2025-10-12 15:45:29 [info]: ::1 - GET /api/v1/buyer/cart 304 - 3ms
2025-10-12 15:46:25 [info]: ::1 - GET /api/v1/buyer/cart 304 - 4ms
2025-10-12 15:46:38 [info]: ::1 - GET /api/v1/buyer/cart 304 - 6ms
2025-10-12 15:46:46 [info]: ::1 - GET /api/v1/buyer/cart 304 - 6ms
2025-10-12 15:46:53 [info]: ::1 - GET /api/v1/buyer/cart 304 - 6ms
2025-10-12 15:46:59 [info]: ::1 - GET /api/v1/buyer/cart 304 - 6ms
2025-10-12 15:47:19 [info]: ::1 - GET /api/v1/buyer/cart 304 - 4ms
2025-10-12 15:47:26 [info]: ::1 - GET /api/v1/buyer/cart 304 - 6ms
2025-10-12 15:48:15 [info]: ::1 - GET /api/v1/buyer/cart 304 - 6ms
2025-10-12 15:48:26 [info]: ::1 - GET /api/v1/buyer/cart 304 - 8ms
2025-10-12 15:48:55 [info]: ::1 - GET /api/v1/buyer/cart 304 - 4ms
2025-10-12 15:49:21 [info]: ::1 - GET /api/v1/buyer/cart 304 - 5ms
2025-10-12 15:49:57 [info]: ::1 - GET /api/v1/buyer/cart 304 - 6ms
2025-10-12 15:51:03 [info]: ::1 - GET /api/v1/buyer/cart 304 - 10ms
2025-10-12 15:52:53 [info]: ::1 - GET /api/v1/buyer/cart 304 - 6ms
2025-10-12 15:53:15 [info]: ::1 - GET /api/v1/buyer/cart 304 - 8ms
2025-10-12 15:53:20 [info]: ::1 - GET /api/v1/buyer/cart 304 - 6ms
2025-10-12 15:53:30 [info]: ::1 - GET /api/v1/buyer/cart 304 - 6ms
2025-10-12 15:55:16 [info]: ::1 - GET /api/v1/buyer/cart 304 - 67ms
2025-10-12 15:55:36 [info]: ::1 - GET /api/v1/buyer/cart 304 - 7ms
2025-10-12 15:55:49 [info]: ::1 - GET /api/v1/buyer/cart 304 - 4ms
2025-10-12 15:56:07 [info]: ::1 - GET /api/v1/buyer/cart 304 - 4ms
2025-10-12 15:56:23 [info]: ::1 - GET /api/v1/products?page=1&limit=20 304 - 12ms
2025-10-12 15:56:23 [info]: ::1 - GET /api/v1/buyer/cart 304 - 6ms
2025-10-12 15:56:30 [info]: ::1 - GET /api/v1/buyer/cart 304 - 5ms
2025-10-12 15:56:59 [info]: ::1 - GET /api/v1/buyer/cart 304 - 3ms
2025-10-12 15:57:05 [info]: ::1 - GET /api/v1/buyer/cart 304 - 6ms
2025-10-12 15:57:14 [info]: ::1 - GET /api/v1/buyer/cart 304 - 5ms
2025-10-12 15:57:27 [info]: ::1 - GET /api/v1/buyer/cart 304 - 6ms
2025-10-12 15:57:44 [info]: ::1 - GET /api/v1/buyer/cart 304 - 6ms
2025-10-12 15:57:50 [info]: ::1 - GET /api/v1/buyer/cart 304 - 6ms
2025-10-12 15:57:58 [info]: ::1 - GET /api/v1/buyer/cart 304 - 4ms
2025-10-12 15:58:05 [info]: ::1 - GET /api/v1/buyer/cart 304 - 5ms
2025-10-12 15:58:11 [info]: ::1 - GET /api/v1/buyer/cart 304 - 5ms
2025-10-12 15:58:26 [info]: ::1 - GET /api/v1/buyer/cart 304 - 6ms
2025-10-12 15:58:55 [info]: ::1 - GET /api/v1/buyer/cart 304 - 11ms
2025-10-12 16:00:10 [info]: ::1 - GET /api/v1/buyer/cart 304 - 6ms
2025-10-12 16:00:17 [info]: ::1 - GET /api/v1/buyer/cart 304 - 5ms
2025-10-12 16:00:23 [info]: ::1 - GET /api/v1/buyer/cart 304 - 13ms
2025-10-12 16:01:28 [info]: ::1 - GET /api/v1/buyer/cart 304 - 4ms
2025-10-12 16:02:36 [info]: ::1 - GET /api/v1/buyer/cart 304 - 23ms
2025-10-12 16:02:43 [info]: ::1 - GET /api/v1/buyer/cart 304 - 5ms
2025-10-12 16:03:12 [info]: ::1 - GET /api/v1/buyer/cart 304 - 11ms
2025-10-12 16:03:22 [info]: ::1 - GET /api/v1/buyer/cart 304 - 8ms
2025-10-12 16:03:25 [info]: ::1 - DELETE /api/v1/buyer/cart/remove/68e78b67debab2415fdfc33e 200 - 35ms
2025-10-12 16:03:25 [info]: ::1 - GET /api/v1/buyer/cart 200 - 7ms
2025-10-12 16:03:28 [info]: ::1 - GET /api/v1/buyer/cart 304 - 4ms
2025-10-12 16:03:34 [info]: ::1 - GET /api/v1/buyer/cart 304 - 5ms
2025-10-12 16:03:40 [info]: ::1 - GET /api/v1/buyer/cart 304 - 7ms
2025-10-12 16:05:13 [info]: ::1 - GET /api/v1/buyer/cart 304 - 18ms
2025-10-12 16:05:14 [info]: ::1 - GET /api/v1/buyer/cart 304 - 4ms
2025-10-12 16:05:43 [info]: ::1 - GET /api/v1/buyer/cart 304 - 12ms
2025-10-12 16:05:46 [info]: ::1 - GET /api/v1/buyer/cart 304 - 5ms
2025-10-12 16:05:54 [info]: ::1 - GET /api/v1/buyer/cart 304 - 7ms
2025-10-12 16:06:00 [info]: ::1 - GET /api/v1/buyer/cart 304 - 5ms
2025-10-12 16:06:01 [info]: ::1 - GET /api/v1/products?page=1&limit=20 304 - 5ms
2025-10-12 16:06:04 [info]: ::1 - POST /api/v1/buyer/cart/add 200 - 18ms
2025-10-12 16:06:04 [info]: ::1 - GET /api/v1/buyer/cart 200 - 4ms
2025-10-12 16:06:06 [info]: ::1 - GET /api/v1/products?page=1&limit=20 304 - 2ms
2025-10-12 16:06:06 [info]: ::1 - GET /api/v1/buyer/cart 304 - 3ms
2025-10-12 16:06:08 [info]: ::1 - GET /api/v1/products 304 - 4ms
2025-10-12 16:06:08 [info]: ::1 - GET /api/v1/categories/top 304 - 3ms
2025-10-12 16:06:08 [info]: ::1 - GET /api/v1/buyer/cart 304 - 4ms
2025-10-12 16:06:11 [info]: ::1 - POST /api/v1/buyer/cart/add 200 - 15ms
2025-10-12 16:06:11 [info]: ::1 - GET /api/v1/buyer/cart 200 - 8ms
2025-10-12 16:06:16 [info]: ::1 - GET /api/v1/buyer/cart 304 - 6ms
2025-10-12 16:06:35 [info]: ::1 - GET /api/v1/buyer/cart 304 - 4ms
2025-10-12 16:06:40 [info]: ::1 - GET /api/v1/buyer/cart 304 - 6ms
2025-10-12 16:06:46 [info]: ::1 - GET /api/v1/buyer/cart 304 - 3ms
2025-10-12 16:07:13 [info]: ::1 - GET /api/v1/buyer/cart 304 - 20ms
2025-10-12 16:07:33 [info]: ::1 - GET /api/v1/buyer/cart 304 - 22ms
2025-10-12 16:07:37 [info]: ::1 - GET /api/v1/buyer/cart 304 - 6ms
2025-10-12 16:07:50 [info]: ::1 - GET /api/v1/buyer/cart 304 - 16ms
2025-10-12 16:07:57 [info]: ::1 - GET /api/v1/buyer/cart 304 - 6ms
2025-10-12 16:08:47 [info]: ::1 - GET /api/v1/buyer/cart 304 - 3ms
2025-10-12 16:08:51 [info]: ::1 - GET /api/v1/buyer/cart 304 - 66ms
2025-10-12 16:11:32 [info]: ::1 - GET /api/v1/buyer/cart 304 - 27ms
2025-10-12 16:11:42 [info]: ::1 - GET /api/v1/products?page=1&limit=20 304 - 4ms
2025-10-12 16:11:42 [info]: ::1 - GET /api/v1/buyer/cart 304 - 10ms
2025-10-12 16:11:45 [info]: ::1 - GET /api/v1/buyer/cart 304 - 3ms
2025-10-12 16:11:46 [info]: ::1 - GET /api/v1/products?page=1&limit=20 304 - 2ms
2025-10-12 16:11:48 [info]: ::1 - GET /api/v1/buyer/cart 304 - 4ms
2025-10-12 16:13:53 [info]: ::1 - GET /api/v1/buyer/cart 304 - 8ms
2025-10-12 16:13:56 [info]: ::1 - GET /api/v1/buyer/cart 304 - 6ms
2025-10-12 16:14:12 [info]: ::1 - GET /api/v1/products?page=1&limit=20 304 - 5ms
2025-10-12 16:14:12 [info]: ::1 - GET /api/v1/buyer/cart 304 - 5ms
2025-10-12 16:14:16 [info]: ::1 - GET /api/v1/buyer/cart 304 - 3ms
2025-10-12 16:14:18 [info]: ::1 - GET /api/v1/buyer/cart 304 - 5ms
2025-10-12 16:14:25 [info]: ::1 - GET /api/v1/buyer/cart 304 - 3ms
2025-10-12 16:14:44 [info]: ::1 - GET /api/v1/buyer/cart 304 - 7ms
2025-10-12 16:14:49 [info]: ::1 - GET /api/v1/buyer/cart 304 - 16ms
2025-10-12 16:14:49 [info]: ::1 - GET /api/v1/products?page=1&limit=20 304 - 16ms
2025-10-12 16:14:52 [info]: ::1 - GET /api/v1/products?page=1&limit=20 304 - 3ms
2025-10-12 16:14:52 [info]: ::1 - GET /api/v1/buyer/cart 304 - 5ms
2025-10-12 16:14:56 [info]: ::1 - GET /api/v1/products?page=1&limit=20 304 - 2ms
2025-10-12 16:14:56 [info]: ::1 - GET /api/v1/buyer/cart 304 - 3ms
2025-10-12 16:15:00 [info]: ::1 - GET /api/v1/products?page=1&limit=20 304 - 3ms
2025-10-12 16:15:00 [info]: ::1 - GET /api/v1/buyer/cart 304 - 3ms
2025-10-12 16:15:02 [info]: ::1 - GET /api/v1/categories/top 304 - 3ms
2025-10-12 16:15:02 [info]: ::1 - GET /api/v1/products 304 - 2ms
2025-10-12 16:15:02 [info]: ::1 - GET /api/v1/buyer/cart 304 - 4ms
2025-10-12 16:15:03 [info]: ::1 - GET /api/v1/products?page=1&limit=20 304 - 2ms
2025-10-12 16:15:04 [info]: ::1 - GET /api/v1/products/flash-sale 304 - 3ms
2025-10-12 16:15:04 [info]: ::1 - GET /api/v1/categories/top 304 - 4ms
2025-10-12 16:15:04 [info]: ::1 - GET /api/v1/buyer/cart 304 - 5ms
2025-10-12 16:15:05 [info]: ::1 - GET /api/v1/categories 200 - 4ms
2025-10-12 16:15:06 [info]: ::1 - GET /api/v1/brands 304 - 3ms
2025-10-12 16:15:11 [info]: ::1 - GET /api/v1/buyer/cart 304 - 4ms
2025-10-12 16:15:15 [info]: ::1 - GET /api/v1/buyer/cart 304 - 6ms
2025-10-12 16:15:18 [info]: ::1 - GET /api/v1/buyer/cart 304 - 4ms
2025-10-12 16:15:21 [info]: ::1 - GET /api/v1/brands 304 - 2ms
2025-10-12 16:15:22 [info]: ::1 - GET /api/v1/products?page=1&limit=20 304 - 3ms
2025-10-12 16:15:22 [info]: ::1 - GET /api/v1/buyer/cart 304 - 7ms
2025-10-12 16:15:26 [info]: ::1 - GET /api/v1/buyer/cart 304 - 8ms
2025-10-12 16:15:26 [info]: ::1 - GET /api/v1/categories/top 304 - 5ms
2025-10-12 16:15:26 [info]: ::1 - GET /api/v1/products 304 - 3ms
2025-10-12 16:15:27 [info]: ::1 - GET /api/v1/products?page=1&limit=20 304 - 1ms
2025-10-12 16:15:29 [info]: ::1 - GET /api/v1/buyer/cart 304 - 4ms
2025-10-12 16:15:31 [info]: ::1 - GET /api/v1/buyer/cart 304 - 4ms
2025-10-12 16:28:20 [info]: ::1 - GET /api/v1/buyer/cart 304 - 10ms
2025-10-12 16:28:42 [info]: ::1 - GET /api/v1/buyer/cart 304 - 6ms
2025-10-12 16:28:55 [info]: ::1 - GET /api/v1/buyer/cart 304 - 6ms
2025-10-12 16:29:13 [info]: ::1 - GET /api/v1/buyer/cart 304 - 6ms
2025-10-12 16:29:39 [info]: ::1 - GET /api/v1/buyer/cart 304 - 5ms
2025-10-12 16:29:52 [info]: ::1 - GET /api/v1/buyer/cart 304 - 7ms
2025-10-12 16:30:01 [info]: ::1 - GET /api/v1/buyer/cart 304 - 4ms
2025-10-12 16:30:12 [info]: ::1 - GET /api/v1/buyer/cart 304 - 4ms
2025-10-12 16:30:29 [info]: ::1 - GET /api/v1/buyer/cart 304 - 6ms
2025-10-12 16:30:43 [info]: ::1 - GET /api/v1/buyer/cart 304 - 5ms
2025-10-12 16:30:53 [info]: ::1 - GET /api/v1/buyer/cart 304 - 7ms
2025-10-12 16:31:05 [info]: ::1 - GET /api/v1/buyer/cart 304 - 4ms
2025-10-12 16:31:24 [info]: ::1 - GET /api/v1/buyer/cart 304 - 6ms
2025-10-12 16:31:40 [info]: ::1 - GET /api/v1/buyer/cart 304 - 4ms
2025-10-12 16:32:01 [info]: ::1 - GET /api/v1/buyer/cart 304 - 5ms
2025-10-12 16:32:08 [info]: ::1 - GET /api/v1/buyer/cart 304 - 6ms
2025-10-12 16:32:15 [info]: ::1 - GET /api/v1/buyer/cart 304 - 6ms
2025-10-12 16:32:25 [info]: ::1 - GET /api/v1/buyer/cart 304 - 7ms
2025-10-12 16:34:42 [info]: ::1 - GET /api/v1/buyer/cart 304 - 5ms
2025-10-12 16:34:48 [info]: ::1 - GET /api/v1/buyer/cart 304 - 10ms
2025-10-12 16:34:55 [info]: ::1 - GET /api/v1/buyer/cart 304 - 5ms
2025-10-12 16:35:03 [info]: ::1 - GET /api/v1/buyer/cart 304 - 5ms
2025-10-12 16:35:09 [info]: ::1 - GET /api/v1/buyer/cart 304 - 7ms
2025-10-12 16:35:17 [info]: ::1 - GET /api/v1/buyer/cart 304 - 5ms
2025-10-12 16:35:25 [info]: ::1 - GET /api/v1/buyer/cart 304 - 5ms
2025-10-12 16:35:30 [info]: ::1 - GET /api/v1/buyer/cart 304 - 3ms
2025-10-12 16:35:37 [info]: ::1 - GET /api/v1/buyer/cart 304 - 6ms
2025-10-12 16:35:47 [info]: ::1 - GET /api/v1/buyer/cart 304 - 5ms
2025-10-12 16:35:55 [info]: ::1 - GET /api/v1/buyer/cart 304 - 5ms
2025-10-12 16:36:01 [info]: ::1 - GET /api/v1/buyer/cart 304 - 8ms
2025-10-12 16:36:42 [info]: ::1 - GET /api/v1/buyer/cart 304 - 5ms
2025-10-12 16:37:00 [info]: ::1 - GET /api/v1/buyer/cart 304 - 3ms
2025-10-12 16:37:13 [info]: ::1 - GET /api/v1/buyer/cart 304 - 7ms
2025-10-12 16:37:19 [info]: ::1 - GET /api/v1/buyer/cart 304 - 6ms
2025-10-12 16:37:27 [info]: ::1 - GET /api/v1/buyer/cart 304 - 5ms
2025-10-12 16:37:35 [info]: ::1 - GET /api/v1/buyer/cart 304 - 3ms
2025-10-12 16:37:48 [info]: ::1 - GET /api/v1/buyer/cart 304 - 5ms
2025-10-12 16:38:13 [info]: ::1 - GET /api/v1/buyer/cart 304 - 5ms
2025-10-12 16:39:01 [info]: ::1 - GET /api/v1/buyer/cart 304 - 8ms
2025-10-12 16:39:22 [info]: ::1 - GET /api/v1/buyer/cart 304 - 5ms
2025-10-12 16:41:51 [info]: ::1 - GET /api/v1/buyer/cart 304 - 42ms
2025-10-12 16:44:25 [info]: ::1 - GET /api/v1/buyer/cart 304 - 6ms
2025-10-12 16:44:42 [info]: ::1 - GET /api/v1/buyer/cart 304 - 8ms
2025-10-12 16:49:12 [info]: ::1 - GET /api/v1/buyer/cart 304 - 89ms
2025-10-12 16:50:15 [info]: ::1 - GET /api/v1/buyer/cart 304 - 56ms
2025-10-12 16:50:20 [info]: ::1 - GET /api/v1/buyer/cart 304 - 10ms
2025-10-12 16:50:23 [info]: ::1 - GET /api/v1/buyer/cart 304 - 4ms
2025-10-12 16:50:26 [info]: ::1 - GET /api/v1/buyer/cart 304 - 6ms
2025-10-12 16:50:46 [info]: ::1 - GET /api/v1/buyer/cart 304 - 14ms
2025-10-12 16:50:59 [info]: ::1 - GET /api/v1/buyer/cart 304 - 10ms
2025-10-12 16:51:24 [info]: ::1 - GET /api/v1/buyer/cart 304 - 7ms
2025-10-12 16:51:51 [info]: ::1 - GET /api/v1/buyer/cart 304 - 4ms
2025-10-12 16:52:15 [info]: ::1 - GET /api/v1/buyer/cart 304 - 3ms
2025-10-12 16:53:22 [info]: ::1 - GET /api/v1/buyer/cart 304 - 72ms
2025-10-12 16:53:48 [info]: ::1 - GET /api/v1/buyer/cart 304 - 6ms
2025-10-12 16:54:16 [info]: ::1 - GET /api/v1/buyer/cart 304 - 4ms
2025-10-12 16:54:21 [info]: ::1 - GET /api/v1/buyer/cart 304 - 12ms
2025-10-12 16:54:25 [info]: ::1 - GET /api/v1/buyer/cart 304 - 8ms
2025-10-12 16:54:28 [info]: ::1 - GET /api/v1/buyer/cart 304 - 3ms
2025-10-12 16:54:37 [info]: ::1 - GET /api/v1/products?page=1&limit=20 304 - 4ms
2025-10-12 16:54:37 [info]: ::1 - GET /api/v1/buyer/cart 304 - 6ms
2025-10-12 16:55:17 [info]: ::1 - GET /api/v1/products?page=1&limit=20 304 - 7ms
2025-10-12 16:55:19 [info]: ::1 - GET /api/v1/products?page=1&limit=20 304 - 6ms
2025-10-12 16:55:19 [info]: ::1 - GET /api/v1/buyer/cart 304 - 10ms
2025-10-12 16:56:04 [info]: ::1 - GET /api/v1/products?page=1&limit=20 304 - 43ms
2025-10-12 16:56:04 [info]: ::1 - GET /api/v1/buyer/cart 304 - 116ms
2025-10-12 16:56:08 [info]: ::1 - GET /api/v1/products 304 - 3ms
2025-10-12 16:56:08 [info]: ::1 - GET /api/v1/categories/top 304 - 4ms
2025-10-12 16:56:08 [info]: ::1 - GET /api/v1/buyer/cart 304 - 4ms
2025-10-12 16:56:09 [info]: ::1 - GET /api/v1/products?page=1&limit=20 304 - 4ms
2025-10-12 16:56:11 [info]: ::1 - GET /api/v1/products?page=1&limit=20 304 - 2ms
2025-10-12 16:56:11 [info]: ::1 - GET /api/v1/buyer/cart 304 - 3ms
2025-10-12 16:56:28 [info]: ::1 - GET /api/v1/products?page=1&limit=20 304 - 6ms
2025-10-12 16:56:28 [info]: ::1 - GET /api/v1/buyer/cart 304 - 15ms
2025-10-12 16:56:30 [info]: ::1 - GET /api/v1/categories/top 304 - 4ms
2025-10-12 16:56:30 [info]: ::1 - GET /api/v1/buyer/cart 304 - 10ms
2025-10-12 16:56:30 [info]: ::1 - GET /api/v1/products 304 - 6ms
2025-10-12 16:56:31 [info]: ::1 - GET /api/v1/products?page=1&limit=20 304 - 3ms
2025-10-12 16:56:32 [info]: ::1 - GET /api/v1/brands 304 - 3ms
2025-10-12 16:56:33 [info]: ::1 - GET /api/v1/products?page=1&limit=20 304 - 2ms
2025-10-12 16:56:33 [info]: ::1 - GET /api/v1/buyer/cart 304 - 3ms
2025-10-12 16:56:40 [info]: ::1 - GET /api/v1/products?page=1&limit=20 304 - 4ms
2025-10-12 16:56:40 [info]: ::1 - GET /api/v1/buyer/cart 304 - 7ms
2025-10-12 16:56:41 [info]: ::1 - GET /api/v1/products?page=1&limit=20 304 - 4ms
2025-10-12 16:56:41 [info]: ::1 - GET /api/v1/buyer/cart 304 - 9ms
2025-10-12 16:56:42 [info]: ::1 - GET /api/v1/categories/top 304 - 3ms
2025-10-12 16:56:42 [info]: ::1 - GET /api/v1/products 304 - 3ms
2025-10-12 16:56:58 [info]: ::1 - GET /api/v1/products?page=1&limit=20 304 - 18ms
2025-10-12 16:56:58 [info]: ::1 - GET /api/v1/buyer/cart 304 - 62ms
2025-10-12 16:56:59 [info]: ::1 - GET /api/v1/categories/top 304 - 7ms
2025-10-12 16:56:59 [info]: ::1 - GET /api/v1/products 304 - 3ms
2025-10-12 16:57:00 [info]: ::1 - GET /api/v1/products?page=1&limit=20 304 - 7ms
2025-10-12 16:57:00 [info]: ::1 - GET /api/v1/buyer/cart 304 - 9ms
2025-10-12 16:57:22 [info]: ::1 - GET /api/v1/products?page=1&limit=20 304 - 12ms
2025-10-12 16:57:22 [info]: ::1 - GET /api/v1/buyer/cart 304 - 13ms
2025-10-12 16:57:28 [info]: ::1 - GET /api/v1/products?page=1&limit=20 304 - 2ms
2025-10-12 16:57:28 [info]: ::1 - GET /api/v1/buyer/cart 304 - 4ms
2025-10-12 16:57:28 [info]: ::1 - GET /api/v1/categories/top 304 - 3ms
2025-10-12 16:57:28 [info]: ::1 - GET /api/v1/products 304 - 3ms
2025-10-12 16:57:31 [info]: ::1 - GET /api/v1/products?page=1&limit=20 304 - 4ms
2025-10-12 16:57:31 [info]: ::1 - GET /api/v1/buyer/cart 304 - 7ms
2025-10-12 16:57:37 [info]: ::1 - GET /api/v1/products?page=1&limit=20 304 - 4ms
2025-10-12 16:57:37 [info]: ::1 - GET /api/v1/buyer/cart 304 - 14ms
2025-10-12 16:57:39 [info]: ::1 - GET /api/v1/buyer/orders/ 304 - 15ms
2025-10-12 16:59:17 [info]: ::1 - GET /api/v1/buyer/orders/ 304 - 28ms
2025-10-12 16:59:17 [info]: ::1 - GET /api/v1/buyer/cart 304 - 27ms
2025-10-12 17:36:25 [info]: ::1 - GET /api/v1/buyer/cart 304 - 98ms
2025-10-12 17:36:25 [info]: ::1 - GET /api/v1/buyer/orders/ 304 - 88ms
2025-10-12 17:38:33 [info]: ::1 - GET /api/v1/buyer/cart 304 - 14ms
2025-10-12 17:38:33 [info]: ::1 - GET /api/v1/buyer/orders/ 304 - 30ms
2025-10-12 17:39:02 [info]: ::1 - GET /api/v1/buyer/cart 304 - 12ms
2025-10-12 17:39:02 [info]: ::1 - GET /api/v1/buyer/orders/ 304 - 7ms
2025-10-12 17:39:20 [info]: ::1 - GET /api/v1/buyer/orders/ 304 - 5ms
2025-10-12 17:39:20 [info]: ::1 - GET /api/v1/buyer/cart 304 - 6ms
2025-10-12 17:39:32 [info]: ::1 - GET /api/v1/buyer/cart 304 - 5ms
2025-10-12 17:39:32 [info]: ::1 - GET /api/v1/buyer/orders/ 304 - 4ms
2025-10-12 17:40:11 [info]: ::1 - GET /api/v1/buyer/cart 304 - 9ms
2025-10-12 17:40:11 [info]: ::1 - GET /api/v1/buyer/orders/ 304 - 10ms
2025-10-12 17:40:27 [info]: ::1 - GET /api/v1/buyer/cart 304 - 9ms
2025-10-12 17:40:27 [info]: ::1 - GET /api/v1/buyer/orders/ 304 - 10ms
2025-10-12 17:40:44 [info]: ::1 - GET /api/v1/buyer/cart 304 - 2ms
2025-10-12 17:40:44 [info]: ::1 - GET /api/v1/buyer/orders/ 304 - 2ms
2025-10-12 17:40:59 [info]: ::1 - GET /api/v1/buyer/cart 304 - 8ms
2025-10-12 17:40:59 [info]: ::1 - GET /api/v1/buyer/orders/ 304 - 7ms
2025-10-12 17:41:30 [info]: ::1 - GET /api/v1/buyer/cart 304 - 5ms
2025-10-12 17:41:30 [info]: ::1 - GET /api/v1/buyer/orders/ 304 - 5ms
2025-10-12 17:41:55 [info]: ::1 - GET /api/v1/buyer/cart 304 - 9ms
2025-10-12 17:41:55 [info]: ::1 - GET /api/v1/buyer/orders/ 304 - 8ms
2025-10-12 17:42:26 [info]: ::1 - GET /api/v1/buyer/cart 304 - 13ms
2025-10-12 17:42:26 [info]: ::1 - GET /api/v1/buyer/orders/ 304 - 9ms
2025-10-12 17:42:37 [info]: ::1 - GET /api/v1/buyer/cart 304 - 7ms
2025-10-12 17:42:37 [info]: ::1 - GET /api/v1/buyer/orders/ 304 - 5ms
2025-10-12 17:42:54 [info]: ::1 - GET /api/v1/buyer/cart 304 - 8ms
2025-10-12 17:42:54 [info]: ::1 - GET /api/v1/buyer/orders/ 304 - 9ms
2025-10-12 17:43:05 [info]: ::1 - GET /api/v1/buyer/cart 304 - 6ms
2025-10-12 17:43:05 [info]: ::1 - GET /api/v1/buyer/orders/ 304 - 8ms
2025-10-12 17:43:30 [info]: ::1 - GET /api/v1/buyer/orders/ 304 - 5ms
2025-10-12 17:43:30 [info]: ::1 - GET /api/v1/buyer/cart 304 - 10ms
2025-10-12 17:44:11 [info]: ::1 - GET /api/v1/buyer/cart 304 - 6ms
2025-10-12 17:44:11 [info]: ::1 - GET /api/v1/buyer/orders/ 304 - 7ms
2025-10-12 17:44:20 [info]: ::1 - GET /api/v1/buyer/cart 304 - 8ms
2025-10-12 17:44:20 [info]: ::1 - GET /api/v1/buyer/orders/ 304 - 10ms
2025-10-12 17:47:08 [info]: ::1 - GET /api/v1/buyer/cart 304 - 7ms
2025-10-12 17:47:08 [info]: ::1 - GET /api/v1/buyer/orders/ 304 - 6ms
2025-10-12 17:47:26 [info]: ::1 - GET /api/v1/buyer/cart 304 - 7ms
2025-10-12 17:47:26 [info]: ::1 - GET /api/v1/buyer/orders/ 304 - 8ms
2025-10-12 17:48:54 [info]: ::1 - GET /api/v1/buyer/cart 304 - 7ms
2025-10-12 17:48:54 [info]: ::1 - GET /api/v1/buyer/orders/ 304 - 6ms
2025-10-12 17:48:59 [info]: ::1 - GET /api/v1/buyer/cart 304 - 6ms
2025-10-12 17:48:59 [info]: ::1 - GET /api/v1/buyer/orders/ 304 - 5ms
2025-10-12 17:49:05 [info]: ::1 - GET /api/v1/buyer/cart 304 - 6ms
2025-10-12 17:49:05 [info]: ::1 - GET /api/v1/buyer/orders/ 304 - 4ms
2025-10-12 17:49:10 [info]: ::1 - GET /api/v1/buyer/cart 304 - 8ms
2025-10-12 17:49:10 [info]: ::1 - GET /api/v1/buyer/orders/ 304 - 7ms
2025-10-12 17:49:36 [info]: ::1 - GET /api/v1/buyer/cart 304 - 8ms
2025-10-12 17:49:36 [info]: ::1 - GET /api/v1/buyer/orders/ 304 - 10ms
2025-10-12 17:50:22 [info]: ::1 - GET /api/v1/buyer/cart 304 - 5ms
2025-10-12 17:50:22 [info]: ::1 - GET /api/v1/buyer/orders/ 304 - 6ms
2025-10-12 17:50:27 [info]: ::1 - GET /api/v1/buyer/cart 304 - 7ms
2025-10-12 17:50:27 [info]: ::1 - GET /api/v1/buyer/orders/ 304 - 7ms
2025-10-12 17:51:44 [info]: ::1 - GET /api/v1/buyer/cart 304 - 13ms
2025-10-12 17:51:44 [info]: ::1 - GET /api/v1/buyer/orders/ 304 - 12ms
2025-10-12 17:56:35 [info]: ::1 - GET /api/v1/buyer/cart 304 - 12ms
2025-10-12 17:56:35 [info]: ::1 - GET /api/v1/buyer/orders/ 304 - 9ms
2025-10-12 17:56:47 [info]: ::1 - GET /api/v1/buyer/cart 304 - 7ms
2025-10-12 17:56:47 [info]: ::1 - GET /api/v1/buyer/orders/ 304 - 7ms
2025-10-12 17:56:52 [info]: ::1 - GET /api/v1/buyer/cart 304 - 9ms
2025-10-12 17:56:52 [info]: ::1 - GET /api/v1/buyer/orders/ 304 - 9ms
2025-10-12 17:56:54 [info]: ::1 - GET /api/v1/buyer/cart 304 - 5ms
2025-10-12 17:56:54 [info]: ::1 - GET /api/v1/buyer/orders/ 304 - 4ms
2025-10-12 17:56:58 [info]: ::1 - GET /api/v1/undefined/orders/ 404 - 1ms
2025-10-12 17:56:58 [info]: ::1 - GET /api/v1/buyer/cart 304 - 2ms
2025-10-12 17:56:58 [info]: ::1 - GET /api/v1/buyer/orders/ 304 - 3ms
2025-10-12 17:57:10 [info]: ::1 - GET /api/v1/buyer/cart 304 - 23ms
2025-10-12 17:57:10 [info]: ::1 - GET /api/v1/buyer/orders/ 304 - 28ms
2025-10-12 17:57:28 [info]: ::1 - GET /api/v1/buyer/cart 304 - 10ms
2025-10-12 17:57:28 [info]: ::1 - GET /api/v1/buyer/orders/ 304 - 11ms
2025-10-12 17:58:29 [info]: ::1 - GET /api/v1/buyer/cart 304 - 6ms
2025-10-12 17:58:29 [info]: ::1 - GET /api/v1/buyer/orders/ 304 - 6ms
2025-10-12 17:58:47 [info]: ::1 - GET /api/v1/buyer/orders/ 304 - 63ms
2025-10-12 17:58:47 [info]: ::1 - GET /api/v1/buyer/cart 304 - 75ms
2025-10-12 18:00:17 [info]: ::1 - GET /api/v1/buyer/orders/ 304 - 33ms
2025-10-12 18:00:17 [info]: ::1 - GET /api/v1/buyer/cart 304 - 32ms
2025-10-12 18:00:21 [info]: ::1 - GET /api/v1/buyer/cart 304 - 8ms
2025-10-12 18:00:21 [info]: ::1 - GET /api/v1/buyer/orders/ 304 - 7ms
2025-10-12 18:00:23 [info]: ::1 - GET /api/v1/buyer/cart 304 - 7ms
2025-10-12 18:00:23 [info]: ::1 - GET /api/v1/buyer/orders/ 304 - 7ms
2025-10-12 18:00:34 [info]: ::1 - GET /api/v1/buyer/cart 304 - 7ms
2025-10-12 18:00:34 [info]: ::1 - GET /api/v1/buyer/wishlist/ 200 - 61ms
2025-10-12 18:15:38 [info]: ::1 - GET /api/v1/buyer/cart 304 - 88ms
2025-10-12 18:15:38 [info]: ::1 - GET /api/v1/buyer/wishlist/ 304 - 61ms
2025-10-12 18:17:31 [info]: ::1 - GET /api/v1/buyer/cart 304 - 69ms
2025-10-12 18:17:31 [info]: ::1 - GET /api/v1/buyer/wishlist/ 304 - 92ms
2025-10-12 18:17:37 [info]: ::1 - GET /api/v1/buyer/cart 304 - 15ms
2025-10-12 18:17:37 [info]: ::1 - GET /api/v1/buyer/wishlist/ 304 - 13ms
2025-10-12 18:17:43 [info]: ::1 - GET /api/v1/buyer/cart 304 - 4ms
2025-10-12 18:17:43 [info]: ::1 - GET /api/v1/buyer/wishlist/ 304 - 6ms
2025-10-12 18:17:50 [info]: ::1 - GET /api/v1/buyer/cart 304 - 9ms
2025-10-12 18:17:50 [info]: ::1 - GET /api/v1/buyer/wishlist/ 304 - 9ms
2025-10-12 18:17:52 [info]: ::1 - GET /api/v1/products?page=1&limit=20 304 - 10ms
2025-10-12 18:17:52 [info]: ::1 - GET /api/v1/buyer/cart 304 - 25ms
2025-10-12 18:17:53 [info]: ::1 - GET /api/v1/buyer/wishlist/ 304 - 14ms
2025-10-12 18:18:02 [info]: ::1 - GET /api/v1/buyer/cart 304 - 7ms
2025-10-12 18:18:02 [info]: ::1 - GET /api/v1/buyer/wishlist/ 304 - 13ms
2025-10-12 18:21:11 [info]: ::1 - GET /api/v1/buyer/cart 304 - 16ms
2025-10-12 18:21:11 [info]: ::1 - GET /api/v1/buyer/wishlist/ 304 - 16ms
2025-10-12 18:21:16 [info]: ::1 - GET /api/v1/undefined/wishlist/ 404 - 1ms
2025-10-12 18:21:16 [info]: ::1 - GET /api/v1/buyer/cart 304 - 6ms
2025-10-12 18:21:16 [info]: ::1 - GET /api/v1/buyer/wishlist/ 304 - 8ms
2025-10-12 18:21:31 [info]: ::1 - GET /api/v1/buyer/cart 304 - 4ms
2025-10-12 18:21:31 [info]: ::1 - GET /api/v1/buyer/wishlist/ 304 - 7ms
2025-10-12 18:23:14 [info]: ::1 - GET /api/v1/buyer/cart 304 - 25ms
2025-10-12 18:23:14 [info]: ::1 - GET /api/v1/buyer/wishlist/ 304 - 23ms
2025-10-12 18:24:36 [info]: ::1 - GET /api/v1/buyer/cart 304 - 9ms
2025-10-12 18:24:36 [info]: ::1 - GET /api/v1/buyer/wishlist/ 304 - 9ms
2025-10-12 18:25:04 [info]: ::1 - GET /api/v1/undefined/wishlist/ 404 - 1ms
2025-10-12 18:25:04 [info]: ::1 - GET /api/v1/buyer/cart 304 - 5ms
2025-10-12 18:25:04 [info]: ::1 - GET /api/v1/buyer/wishlist/ 304 - 5ms
2025-10-12 18:27:58 [info]: ::1 - GET /api/v1/buyer/cart 304 - 3ms
2025-10-12 18:28:01 [info]: ::1 - GET /api/v1/buyer/cart 304 - 2ms
2025-10-12 18:28:03 [info]: ::1 - GET /api/v1/categories/top 304 - 5ms
2025-10-12 18:28:03 [info]: ::1 - GET /api/v1/products 304 - 4ms
2025-10-12 18:28:03 [info]: ::1 - GET /api/v1/buyer/cart 304 - 5ms
2025-10-12 18:28:07 [info]: ::1 - GET /api/v1/categories/top 304 - 3ms
2025-10-12 18:28:07 [info]: ::1 - GET /api/v1/buyer/cart 304 - 8ms
2025-10-12 18:28:07 [info]: ::1 - GET /api/v1/products 304 - 7ms
2025-10-12 18:28:23 [info]: ::1 - GET /api/v1/buyer/cart 304 - 6ms
2025-10-12 18:28:23 [info]: ::1 - GET /api/v1/categories/top 304 - 5ms
2025-10-12 18:28:23 [info]: ::1 - GET /api/v1/products 304 - 6ms
2025-10-12 18:30:53 [info]: ::1 - GET /api/v1/categories/top 304 - 4ms
2025-10-12 18:30:53 [info]: ::1 - GET /api/v1/buyer/cart 304 - 10ms
2025-10-12 18:30:53 [info]: ::1 - GET /api/v1/products 304 - 3ms
2025-10-12 18:30:55 [info]: ::1 - GET /api/v1/products/flash-sale 304 - 1ms
2025-10-12 18:30:56 [info]: ::1 - GET /api/v1/categories 200 - 4ms
2025-10-12 18:30:56 [info]: ::1 - GET /api/v1/categories/top 304 - 3ms
2025-10-12 18:30:56 [info]: ::1 - GET /api/v1/buyer/cart 304 - 6ms
2025-10-12 18:30:59 [info]: ::1 - GET /api/v1/products?page=1&limit=20 304 - 3ms
2025-10-12 18:30:59 [info]: ::1 - GET /api/v1/buyer/cart 304 - 4ms
2025-10-12 18:31:05 [info]: ::1 - GET /api/v1/products?page=1&limit=20 304 - 4ms
2025-10-12 18:31:05 [info]: ::1 - GET /api/v1/buyer/cart 304 - 6ms
2025-10-12 18:31:16 [info]: ::1 - GET /api/v1/products?page=1&limit=20 304 - 12ms
2025-10-12 18:31:16 [info]: ::1 - GET /api/v1/buyer/cart 304 - 17ms
2025-10-12 18:31:18 [info]: ::1 - GET /api/v1/products 304 - 3ms
2025-10-12 18:31:18 [info]: ::1 - GET /api/v1/categories/top 304 - 3ms
2025-10-12 18:31:18 [info]: ::1 - GET /api/v1/products/flash-sale 304 - 1ms
2025-10-12 18:31:18 [info]: ::1 - GET /api/v1/buyer/cart 304 - 3ms
2025-10-12 18:31:18 [info]: ::1 - GET /api/v1/categories 200 - 3ms
2025-10-12 18:31:19 [info]: ::1 - GET /api/v1/brands 304 - 3ms
2025-10-12 18:31:20 [info]: ::1 - GET /api/v1/categories/top 304 - 1ms
2025-10-12 18:31:20 [info]: ::1 - GET /api/v1/products 304 - 2ms
2025-10-12 18:31:20 [info]: ::1 - GET /api/v1/products?page=1&limit=20 304 - 3ms
2025-10-12 18:31:20 [info]: ::1 - GET /api/v1/buyer/cart 304 - 6ms
2025-10-12 18:31:23 [info]: ::1 - GET /api/v1/buyer/orders/ 304 - 5ms
2025-10-12 18:31:26 [info]: ::1 - GET /api/v1/buyer/cart 304 - 7ms
2025-10-12 18:31:26 [info]: ::1 - GET /api/v1/buyer/wishlist/ 304 - 8ms
2025-10-12 18:31:29 [info]: ::1 - GET /api/v1/buyer/cart 304 - 5ms
2025-10-12 18:31:34 [info]: ::1 - GET /api/v1/products?page=1&limit=20 304 - 4ms
2025-10-12 18:31:34 [info]: ::1 - GET /api/v1/buyer/cart 304 - 5ms
2025-10-12 18:32:13 [info]: ::1 - GET /api/v1/products?page=1&limit=20 304 - 3ms
2025-10-12 18:32:13 [info]: ::1 - GET /api/v1/buyer/cart 304 - 8ms
2025-10-12 18:32:43 [info]: ::1 - GET /api/v1/products?page=1&limit=20 304 - 3ms
2025-10-12 18:32:43 [info]: ::1 - GET /api/v1/buyer/cart 304 - 8ms
2025-10-12 18:33:37 [info]: ::1 - GET /api/v1/products?page=1&limit=20 304 - 3ms
2025-10-12 18:33:37 [info]: ::1 - GET /api/v1/buyer/cart 304 - 2ms
2025-10-12 18:33:39 [info]: ::1 - GET /api/v1/categories/top 304 - 2ms
2025-10-12 18:33:39 [info]: ::1 - GET /api/v1/products/flash-sale 304 - 2ms
2025-10-12 18:33:39 [info]: ::1 - GET /api/v1/products 304 - 5ms
2025-10-12 18:33:39 [info]: ::1 - GET /api/v1/buyer/cart 304 - 5ms
2025-10-12 18:33:40 [info]: ::1 - GET /api/v1/products?page=1&limit=20 304 - 3ms
2025-10-12 18:33:41 [info]: ::1 - GET /api/v1/categories 200 - 3ms
2025-10-12 18:33:42 [info]: ::1 - GET /api/v1/brands 304 - 4ms
2025-10-12 18:33:46 [info]: ::1 - GET /api/v1/buyer/cart 304 - 6ms
2025-10-12 18:33:49 [info]: ::1 - GET /api/v1/products?page=1&limit=20 304 - 3ms
2025-10-12 18:33:49 [info]: ::1 - GET /api/v1/buyer/cart 304 - 5ms
2025-10-12 18:33:50 [info]: ::1 - GET /api/v1/categories/top 304 - 3ms
2025-10-12 18:33:50 [info]: ::1 - GET /api/v1/products 304 - 3ms
2025-10-12 18:33:57 [info]: ::1 - GET /api/v1/categories/top 304 - 3ms
2025-10-12 18:33:57 [info]: ::1 - GET /api/v1/buyer/cart 304 - 8ms
2025-10-12 18:33:57 [info]: ::1 - GET /api/v1/products 304 - 5ms
