2025-10-13 10:53:25 [info]: ::1 - GET /api/v1/categories/top 304 - 12ms
2025-10-13 10:53:25 [info]: ::1 - GET /api/v1/products 304 - 9ms
2025-10-13 10:53:25 [info]: ::1 - GET /api/v1/buyer/cart 304 - 10ms
2025-10-13 10:53:32 [info]: ::1 - GET /api/v1/categories/top 304 - 9ms
2025-10-13 10:53:32 [info]: ::1 - GET /api/v1/products 304 - 10ms
2025-10-13 10:53:32 [info]: ::1 - GET /api/v1/buyer/cart 304 - 12ms
2025-10-13 10:53:55 [info]: ::1 - GET /api/v1/categories/top 304 - 9ms
2025-10-13 10:53:55 [info]: ::1 - GET /api/v1/products 304 - 9ms
2025-10-13 10:53:55 [info]: ::1 - GET /api/v1/buyer/cart 304 - 13ms
2025-10-13 10:55:52 [info]: ::1 - GET /api/v1/categories/top 304 - 63ms
2025-10-13 10:55:52 [info]: ::1 - GET /api/v1/products 304 - 50ms
2025-10-13 10:55:52 [info]: ::1 - GET /api/v1/buyer/cart 304 - 50ms
2025-10-13 10:56:14 [info]: ::1 - GET /api/v1/categories/top 304 - 8ms
2025-10-13 10:56:14 [info]: ::1 - GET /api/v1/buyer/cart 304 - 14ms
2025-10-13 10:56:14 [info]: ::1 - GET /api/v1/products 304 - 9ms
2025-10-13 10:56:53 [info]: ::1 - GET /api/v1/buyer/cart 304 - 5ms
2025-10-13 10:56:53 [info]: ::1 - GET /api/v1/categories/top 304 - 4ms
2025-10-13 10:56:53 [info]: ::1 - GET /api/v1/products 304 - 5ms
2025-10-13 10:57:15 [info]: ::1 - GET /api/v1/buyer/cart 304 - 14ms
2025-10-13 10:57:15 [info]: ::1 - GET /api/v1/categories/top 304 - 13ms
2025-10-13 10:57:15 [info]: ::1 - GET /api/v1/products 304 - 8ms
2025-10-13 10:57:19 [info]: ::1 - GET /api/v1/categories/top 304 - 3ms
2025-10-13 10:57:19 [info]: ::1 - GET /api/v1/products 304 - 4ms
2025-10-13 10:57:19 [info]: ::1 - GET /api/v1/buyer/cart 304 - 4ms
2025-10-13 10:57:44 [info]: ::1 - GET /api/v1/categories/top 304 - 6ms
2025-10-13 10:57:44 [info]: ::1 - GET /api/v1/products 304 - 8ms
2025-10-13 10:57:44 [info]: ::1 - GET /api/v1/buyer/cart 304 - 15ms
2025-10-13 11:03:54 [info]: ::1 - GET /api/v1/categories/top 304 - 28ms
2025-10-13 11:03:54 [info]: ::1 - GET /api/v1/products 304 - 21ms
2025-10-13 11:03:54 [info]: ::1 - GET /api/v1/buyer/cart 304 - 15ms
2025-10-13 11:03:57 [info]: ::1 - GET /api/v1/products/search?query=app&limit=6 200 - 9ms
2025-10-13 11:03:59 [info]: ::1 - GET /api/v1/products/search?query=appl&limit=6 200 - 7ms
2025-10-13 11:04:01 [info]: ::1 - GET /api/v1/products/search?query=apple%20macbook%20pro%20m4%2016gb%20256gb&limit=6 200 - 2ms
2025-10-13 11:04:08 [info]: ::1 - GET /api/v1/products?page=1&limit=20 304 - 3ms
2025-10-13 11:04:08 [info]: ::1 - GET /api/v1/buyer/cart 304 - 7ms
2025-10-13 11:04:10 [info]: ::1 - GET /api/v1/products/search?query=apple%20macbook%20pro%20m4%2016gb%20256gb%20&limit=6 404 - 5ms
2025-10-13 11:04:11 [info]: ::1 - GET /api/v1/products/search?query=apple%20macbook%20pro%20m4%2016gb%20256gb&limit=6 304 - 6ms
2025-10-13 11:04:19 [info]: ::1 - GET /api/v1/products/search?query=shirt&limit=6 200 - 5ms
2025-10-13 11:04:24 [info]: ::1 - GET /api/v1/categories/top 304 - 4ms
2025-10-13 11:04:24 [info]: ::1 - GET /api/v1/buyer/cart 304 - 7ms
2025-10-13 11:04:24 [info]: ::1 - GET /api/v1/products 304 - 4ms
2025-10-13 11:04:24 [info]: ::1 - GET /api/v1/products/search?query=Premium%20Quality%20Long%20Sleeve%20Micro%20Stitch%20Shirt&limit=6 200 - 2ms
2025-10-13 11:04:34 [info]: ::1 - GET /api/v1/categories/top 304 - 11ms
2025-10-13 11:04:34 [info]: ::1 - GET /api/v1/products 304 - 9ms
2025-10-13 11:04:34 [info]: ::1 - GET /api/v1/buyer/cart 304 - 17ms
2025-10-13 11:04:37 [info]: ::1 - GET /api/v1/products?page=1&limit=20 304 - 3ms
2025-10-13 11:04:37 [info]: ::1 - GET /api/v1/buyer/cart 304 - 7ms
2025-10-13 11:04:38 [info]: ::1 - GET /api/v1/categories/top 304 - 21ms
2025-10-13 11:04:38 [info]: ::1 - GET /api/v1/products 304 - 7ms
2025-10-13 11:04:43 [info]: ::1 - GET /api/v1/categories/top 304 - 1ms
2025-10-13 11:04:43 [info]: ::1 - GET /api/v1/products 304 - 2ms
2025-10-13 11:04:43 [info]: ::1 - GET /api/v1/buyer/cart 304 - 3ms
2025-10-13 11:05:46 [info]: ::1 - GET /api/v1/categories/top 304 - 54ms
2025-10-13 11:05:46 [info]: ::1 - GET /api/v1/buyer/cart 304 - 59ms
2025-10-13 11:05:46 [info]: ::1 - GET /api/v1/products 304 - 59ms
2025-10-13 11:05:49 [info]: ::1 - GET /api/v1/products?page=1&limit=20 304 - 3ms
2025-10-13 11:05:49 [info]: ::1 - GET /api/v1/buyer/cart 304 - 26ms
2025-10-13 11:05:51 [info]: ::1 - GET /api/v1/categories/top 304 - 2ms
2025-10-13 11:05:51 [info]: ::1 - GET /api/v1/products 304 - 3ms
2025-10-13 11:05:52 [info]: ::1 - GET /api/v1/products/68e2c6b1e18e0ce3828528ec 304 - 35ms
2025-10-13 11:05:52 [info]: ::1 - GET /api/v1/buyer/cart 304 - 5ms
2025-10-13 11:07:28 [info]: ::1 - GET /api/v1/products/68e2c6b1e18e0ce3828528ec 304 - 4ms
2025-10-13 11:07:28 [info]: ::1 - GET /api/v1/buyer/cart 304 - 17ms
2025-10-13 11:07:28 [info]: ::1 - GET /api/v1/products 304 - 4ms
2025-10-13 11:07:28 [info]: ::1 - GET /api/v1/categories/top 304 - 5ms
2025-10-13 11:07:31 [info]: ::1 - GET /api/v1/products/search?query=shir&limit=6 200 - 6ms
2025-10-13 11:07:31 [info]: ::1 - GET /api/v1/products/search?query=shirt&limit=6 304 - 2ms
2025-10-13 11:07:32 [info]: ::1 - GET /api/v1/products/68e2c6b1e18e0ce3828528ec%7D 400 - 2ms
2025-10-13 11:08:04 [info]: ::1 - GET /api/v1/categories/top 304 - 14ms
2025-10-13 11:08:04 [info]: ::1 - GET /api/v1/buyer/cart 304 - 29ms
2025-10-13 11:08:04 [info]: ::1 - GET /api/v1/products 304 - 26ms
2025-10-13 11:08:15 [info]: ::1 - GET /api/v1/categories/top 304 - 10ms
2025-10-13 11:08:15 [info]: ::1 - GET /api/v1/products 304 - 9ms
2025-10-13 11:08:15 [info]: ::1 - GET /api/v1/buyer/cart 304 - 10ms
2025-10-13 11:08:16 [info]: ::1 - GET /api/v1/products/search?query=shi&limit=6 200 - 5ms
2025-10-13 11:08:34 [info]: ::1 - GET /api/v1/products/68e2c6b1e18e0ce3828528ec 304 - 3ms
2025-10-13 11:08:34 [info]: ::1 - GET /api/v1/buyer/cart 304 - 6ms
2025-10-13 11:08:43 [info]: ::1 - GET /api/v1/products/68e2c6b1e18e0ce3828528ec 304 - 5ms
2025-10-13 11:08:43 [info]: ::1 - GET /api/v1/buyer/cart 304 - 8ms
2025-10-13 11:08:45 [info]: ::1 - GET /api/v1/products/search?query=app&limit=6 304 - 5ms
2025-10-13 11:08:46 [info]: ::1 - GET /api/v1/products/68c0547a04f482aba5e8eae1 304 - 4ms
2025-10-13 11:08:46 [info]: ::1 - GET /api/v1/buyer/cart 304 - 4ms
2025-10-13 11:08:47 [info]: ::1 - GET /api/v1/products/search?query=apple%20macbook%20pro%20m4%2016gb%20256gb&limit=6 304 - 2ms
2025-10-13 11:08:50 [info]: ::1 - GET /api/v1/products/68e2c6b1e18e0ce3828528ec 304 - 4ms
2025-10-13 11:08:50 [info]: ::1 - GET /api/v1/buyer/cart 304 - 7ms
2025-10-13 11:08:51 [info]: ::1 - GET /api/v1/products/68e2c6b1e18e0ce3828528ec%7D 400 - 2ms
2025-10-13 11:08:51 [info]: ::1 - GET /api/v1/buyer/cart 304 - 3ms
2025-10-13 11:08:51 [info]: ::1 - GET /api/v1/categories/top 304 - 5ms
2025-10-13 11:08:51 [info]: ::1 - GET /api/v1/products 304 - 5ms
2025-10-13 11:08:53 [info]: ::1 - GET /api/v1/products?page=1&limit=20 304 - 4ms
2025-10-13 11:08:55 [info]: ::1 - GET /api/v1/categories/top 304 - 3ms
2025-10-13 11:08:55 [info]: ::1 - GET /api/v1/buyer/cart 304 - 5ms
2025-10-13 11:08:55 [info]: ::1 - GET /api/v1/products 304 - 2ms
2025-10-13 11:08:56 [info]: ::1 - GET /api/v1/products?page=1&limit=20 304 - 5ms
2025-10-13 11:08:59 [info]: ::1 - GET /api/v1/buyer/cart 304 - 6ms
2025-10-13 11:09:01 [info]: ::1 - DELETE /api/v1/buyer/cart/remove/68eb7d8c7814e4fdb92dc653 200 - 30ms
2025-10-13 11:09:01 [info]: ::1 - GET /api/v1/buyer/cart 200 - 4ms
2025-10-13 11:09:02 [info]: ::1 - DELETE /api/v1/buyer/cart/remove/68eb7d937814e4fdb92dc665 200 - 11ms
2025-10-13 11:09:02 [info]: ::1 - GET /api/v1/buyer/cart 200 - 6ms
2025-10-13 11:09:03 [info]: ::1 - GET /api/v1/products?page=1&limit=20 304 - 2ms
2025-10-13 11:09:08 [info]: ::1 - POST /api/v1/buyer/cart/add 200 - 18ms
2025-10-13 11:09:08 [info]: ::1 - GET /api/v1/buyer/cart 200 - 4ms
2025-10-13 11:09:11 [info]: ::1 - GET /api/v1/products?page=1&limit=20 304 - 3ms
2025-10-13 11:09:11 [info]: ::1 - GET /api/v1/buyer/cart 304 - 3ms
2025-10-13 11:09:12 [info]: ::1 - POST /api/v1/buyer/cart/add 200 - 16ms
2025-10-13 11:09:12 [info]: ::1 - GET /api/v1/buyer/cart 200 - 5ms
2025-10-13 11:09:13 [info]: ::1 - GET /api/v1/products?page=1&limit=20 304 - 3ms
2025-10-13 11:09:13 [info]: ::1 - GET /api/v1/buyer/cart 304 - 3ms
2025-10-13 11:09:15 [info]: ::1 - POST /api/v1/buyer/cart/add 200 - 13ms
2025-10-13 11:09:15 [info]: ::1 - GET /api/v1/buyer/cart 200 - 5ms
2025-10-13 11:09:17 [info]: ::1 - GET /api/v1/products?page=1&limit=20 304 - 3ms
2025-10-13 11:09:17 [info]: ::1 - GET /api/v1/buyer/cart 304 - 7ms
2025-10-13 11:09:27 [info]: ::1 - GET /api/v1/products?page=1&limit=20 304 - 5ms
2025-10-13 11:09:27 [info]: ::1 - GET /api/v1/buyer/cart 304 - 8ms
2025-10-13 11:09:39 [info]: ::1 - GET /api/v1/products?page=1&limit=20 304 - 4ms
2025-10-13 11:09:39 [info]: ::1 - GET /api/v1/buyer/cart 304 - 8ms
2025-10-13 11:10:53 [info]: ::1 - GET /api/v1/products?page=1&limit=20 304 - 3ms
2025-10-13 11:10:53 [info]: ::1 - GET /api/v1/buyer/cart 304 - 8ms
2025-10-13 11:10:54 [info]: ::1 - GET /api/v1/products/68c0547a04f482aba5e8eae1 304 - 6ms
2025-10-13 11:10:55 [info]: ::1 - GET /api/v1/products?page=1&limit=20 304 - 3ms
2025-10-13 11:10:55 [info]: ::1 - GET /api/v1/buyer/cart 304 - 6ms
2025-10-13 11:10:56 [info]: ::1 - POST /api/v1/buyer/cart/add 200 - 19ms
2025-10-13 11:10:56 [info]: ::1 - GET /api/v1/buyer/cart 200 - 6ms
2025-10-13 11:10:56 [info]: ::1 - GET /api/v1/products/68c0547a04f482aba5e8eae1 304 - 2ms
2025-10-13 11:10:57 [info]: ::1 - GET /api/v1/products?page=1&limit=20 304 - 4ms
2025-10-13 11:11:00 [info]: ::1 - GET /api/v1/buyer/cart 304 - 4ms
2025-10-13 11:11:02 [info]: ::1 - DELETE /api/v1/buyer/cart/remove/68ec897bf92a4b5298a5611b 200 - 13ms
2025-10-13 11:11:02 [info]: ::1 - GET /api/v1/buyer/cart 200 - 7ms
2025-10-13 11:11:02 [info]: ::1 - DELETE /api/v1/buyer/cart/remove/68ec8974f92a4b5298a56100 200 - 8ms
2025-10-13 11:11:02 [info]: ::1 - GET /api/v1/buyer/cart 200 - 6ms
2025-10-13 11:11:05 [info]: ::1 - GET /api/v1/products?page=1&limit=20 304 - 4ms
2025-10-13 11:11:05 [info]: ::1 - GET /api/v1/buyer/cart 304 - 5ms
2025-10-13 11:11:16 [info]: ::1 - GET /api/v1/products?page=1&limit=20 304 - 3ms
2025-10-13 11:11:16 [info]: ::1 - GET /api/v1/buyer/cart 304 - 17ms
2025-10-13 11:11:37 [info]: ::1 - GET /api/v1/products?page=1&limit=20 304 - 7ms
2025-10-13 11:11:37 [info]: ::1 - GET /api/v1/buyer/cart 304 - 7ms
2025-10-13 11:11:39 [info]: ::1 - GET /api/v1/categories/top 304 - 2ms
2025-10-13 11:11:39 [info]: ::1 - GET /api/v1/products 304 - 2ms
2025-10-13 11:11:42 [info]: ::1 - GET /api/v1/products?page=1&limit=20 304 - 1ms
2025-10-13 11:11:42 [info]: ::1 - GET /api/v1/buyer/cart 304 - 4ms
2025-10-13 11:11:43 [info]: ::1 - GET /api/v1/products 304 - 5ms
2025-10-13 11:11:43 [info]: ::1 - GET /api/v1/categories/top 304 - 11ms
2025-10-13 11:11:45 [info]: ::1 - GET /api/v1/products?page=1&limit=20 304 - 4ms
2025-10-13 11:11:45 [info]: ::1 - GET /api/v1/buyer/cart 304 - 5ms
2025-10-13 11:11:48 [info]: ::1 - GET /api/v1/categories/top 304 - 3ms
2025-10-13 11:11:48 [info]: ::1 - GET /api/v1/products 304 - 3ms
2025-10-13 11:11:48 [info]: ::1 - GET /api/v1/buyer/cart 304 - 5ms
2025-10-13 11:11:52 [info]: ::1 - GET /api/v1/products?page=1&limit=20 304 - 3ms
2025-10-13 11:11:52 [info]: ::1 - GET /api/v1/buyer/cart 304 - 6ms
2025-10-13 11:11:54 [info]: ::1 - GET /api/v1/categories 304 - 3ms
2025-10-13 11:11:56 [info]: ::1 - GET /api/v1/products?page=1&limit=20 304 - 2ms
2025-10-13 11:11:56 [info]: ::1 - GET /api/v1/buyer/cart 304 - 3ms
2025-10-13 11:13:04 [info]: ::1 - GET /api/v1/products?page=1&limit=20 304 - 3ms
2025-10-13 11:13:04 [info]: ::1 - GET /api/v1/buyer/cart 304 - 9ms
2025-10-13 11:13:07 [info]: ::1 - GET /api/v1/categories 304 - 4ms
2025-10-13 11:13:08 [info]: ::1 - GET /api/v1/categories 200 - 2ms
2025-10-13 11:13:08 [info]: ::1 - GET /api/v1/buyer/cart 304 - 4ms
2025-10-13 11:13:09 [info]: ::1 - GET /api/v1/products/categories 400 - 1ms
2025-10-13 11:13:14 [info]: ::1 - GET /api/v1/categories 304 - 2ms
2025-10-13 11:13:14 [info]: ::1 - GET /api/v1/buyer/cart 304 - 5ms
2025-10-13 11:13:16 [info]: ::1 - GET /api/v1/products?page=1&limit=20 304 - 4ms
2025-10-13 11:13:16 [info]: ::1 - GET /api/v1/buyer/cart 304 - 5ms
2025-10-13 11:13:20 [info]: ::1 - GET /api/v1/categories 200 - 2ms
2025-10-13 11:13:25 [info]: ::1 - GET /api/v1/products 304 - 2ms
2025-10-13 11:13:25 [info]: ::1 - GET /api/v1/categories/top 304 - 3ms
2025-10-13 11:13:26 [info]: ::1 - GET /api/v1/categories 304 - 3ms
2025-10-13 11:13:28 [info]: ::1 - GET /api/v1/categories/top 304 - 1ms
2025-10-13 11:13:28 [info]: ::1 - GET /api/v1/products 304 - 1ms
2025-10-13 11:13:29 [info]: ::1 - GET /api/v1/categories 200 - 4ms
2025-10-13 11:13:30 [info]: ::1 - GET /api/v1/categories/top 304 - 2ms
2025-10-13 11:13:30 [info]: ::1 - GET /api/v1/products 304 - 2ms
2025-10-13 11:13:31 [info]: ::1 - GET /api/v1/categories 200 - 3ms
2025-10-13 11:13:32 [info]: ::1 - GET /api/v1/buyer/cart 304 - 4ms
2025-10-13 11:13:35 [info]: ::1 - GET /api/v1/categories 200 - 3ms
2025-10-13 11:14:15 [info]: ::1 - GET /api/v1/categories 200 - 2ms
2025-10-13 11:14:15 [info]: ::1 - GET /api/v1/buyer/cart 304 - 6ms
2025-10-13 11:14:19 [info]: ::1 - GET /api/v1/brands 304 - 5ms
2025-10-13 11:14:22 [info]: ::1 - GET /api/v1/brands 304 - 2ms
2025-10-13 11:14:23 [info]: ::1 - GET /api/v1/products?page=1&limit=20 304 - 4ms
2025-10-13 11:14:23 [info]: ::1 - GET /api/v1/buyer/cart 304 - 6ms
2025-10-13 11:14:51 [info]: ::1 - GET /api/v1/products?page=1&limit=20 304 - 104ms
2025-10-13 11:14:51 [info]: ::1 - GET /api/v1/buyer/cart 304 - 125ms
2025-10-13 11:15:10 [info]: ::1 - GET /api/v1/products?page=1&limit=20 304 - 3ms
2025-10-13 11:15:10 [info]: ::1 - GET /api/v1/buyer/cart 304 - 5ms
2025-10-13 11:15:28 [info]: ::1 - GET /api/v1/brands 304 - 2ms
2025-10-13 11:15:28 [info]: ::1 - GET /api/v1/buyer/cart 304 - 5ms
2025-10-13 11:15:30 [info]: ::1 - GET /api/v1/categories/top 304 - 3ms
2025-10-13 11:15:30 [info]: ::1 - GET /api/v1/products 304 - 3ms
2025-10-13 11:15:30 [info]: ::1 - GET /api/v1/buyer/cart 304 - 4ms
2025-10-13 11:15:32 [info]: ::1 - GET /api/v1/brands 304 - 2ms
2025-10-13 11:15:34 [info]: ::1 - GET /api/v1/products/flash-sale 304 - 3ms
2025-10-13 11:15:34 [info]: ::1 - GET /api/v1/categories/top 304 - 4ms
2025-10-13 11:15:34 [info]: ::1 - GET /api/v1/buyer/cart 304 - 6ms
2025-10-13 11:15:40 [info]: ::1 - GET /api/v1/categories 200 - 3ms
2025-10-13 11:15:41 [info]: ::1 - GET /api/v1/categories/top 304 - 3ms
2025-10-13 11:15:41 [info]: ::1 - GET /api/v1/products/flash-sale 304 - 4ms
2025-10-13 11:15:41 [info]: ::1 - GET /api/v1/buyer/cart 304 - 6ms
2025-10-13 11:15:42 [info]: ::1 - GET /api/v1/products?page=1&limit=20 304 - 5ms
2025-10-13 11:15:43 [info]: ::1 - GET /api/v1/products 304 - 5ms
2025-10-13 11:15:44 [info]: ::1 - GET /api/v1/categories/top 304 - 5ms
2025-10-13 11:15:44 [info]: ::1 - GET /api/v1/products/flash-sale 304 - 4ms
2025-10-13 11:15:44 [info]: ::1 - GET /api/v1/buyer/cart 304 - 5ms
2025-10-13 11:15:46 [info]: ::1 - GET /api/v1/categories 200 - 3ms
2025-10-13 11:15:47 [info]: ::1 - GET /api/v1/brands 304 - 3ms
2025-10-13 11:15:49 [info]: ::1 - GET /api/v1/categories/top 304 - 3ms
2025-10-13 11:15:49 [info]: ::1 - GET /api/v1/products/flash-sale 304 - 4ms
2025-10-13 11:15:49 [info]: ::1 - GET /api/v1/buyer/cart 304 - 5ms
2025-10-13 11:15:50 [info]: ::1 - GET /api/v1/categories 200 - 3ms
2025-10-13 11:15:51 [info]: ::1 - GET /api/v1/products 304 - 3ms
2025-10-13 11:15:52 [info]: ::1 - GET /api/v1/buyer/cart 304 - 4ms
2025-10-13 11:15:52 [info]: ::1 - GET /api/v1/products?page=1&limit=20 304 - 3ms
2025-10-13 11:15:55 [info]: ::1 - GET /api/v1/products?page=1&limit=20 304 - 5ms
2025-10-13 11:15:55 [info]: ::1 - GET /api/v1/buyer/cart 304 - 8ms
2025-10-13 11:16:19 [info]: ::1 - GET /api/v1/products?page=1&limit=20 304 - 4ms
2025-10-13 11:16:19 [info]: ::1 - GET /api/v1/buyer/cart 304 - 9ms
2025-10-13 11:17:12 [info]: ::1 - GET /api/v1/products?page=1&limit=20 304 - 64ms
2025-10-13 11:17:12 [info]: ::1 - GET /api/v1/buyer/cart 304 - 72ms
2025-10-13 11:17:29 [info]: ::1 - GET /api/v1/products?page=1&limit=20 304 - 5ms
2025-10-13 11:17:29 [info]: ::1 - GET /api/v1/buyer/cart 304 - 9ms
2025-10-13 11:17:37 [info]: ::1 - GET /api/v1/products?page=1&limit=20 304 - 2ms
2025-10-13 11:17:37 [info]: ::1 - GET /api/v1/buyer/cart 304 - 6ms
2025-10-13 11:17:40 [info]: ::1 - GET /api/v1/categories 200 - 3ms
2025-10-13 11:17:41 [info]: ::1 - GET /api/v1/products?page=1&limit=20 304 - 5ms
2025-10-13 11:17:41 [info]: ::1 - GET /api/v1/buyer/cart 304 - 7ms
2025-10-13 11:17:43 [info]: ::1 - GET /api/v1/products?page=1&limit=20 304 - 2ms
2025-10-13 11:17:43 [info]: ::1 - GET /api/v1/buyer/cart 304 - 5ms
2025-10-13 11:17:46 [info]: ::1 - GET /api/v1/categories 200 - 5ms
2025-10-13 11:17:47 [info]: ::1 - GET /api/v1/products?page=1&limit=20 304 - 4ms
2025-10-13 11:17:47 [info]: ::1 - GET /api/v1/buyer/cart 304 - 6ms
2025-10-13 11:17:48 [info]: ::1 - GET /api/v1/categories 304 - 2ms
2025-10-13 11:17:49 [info]: ::1 - GET /api/v1/products?page=1&limit=20 304 - 2ms
2025-10-13 11:17:49 [info]: ::1 - GET /api/v1/buyer/cart 304 - 4ms
2025-10-13 11:18:04 [info]: ::1 - GET /api/v1/products?page=1&limit=20 304 - 5ms
2025-10-13 11:18:04 [info]: ::1 - GET /api/v1/buyer/cart 304 - 7ms
2025-10-13 11:18:14 [info]: ::1 - GET /api/v1/products/search?query=shit&limit=6 404 - 4ms
2025-10-13 11:18:15 [info]: ::1 - GET /api/v1/products/search?query=shi&limit=6 304 - 4ms
2025-10-13 11:18:17 [info]: ::1 - GET /api/v1/products/search?query=shir&limit=6 304 - 3ms
2025-10-13 11:18:17 [info]: ::1 - GET /api/v1/products/search?query=shirt&limit=6 304 - 4ms
2025-10-13 11:18:45 [info]: ::1 - GET /api/v1/products?page=1&limit=20 304 - 9ms
2025-10-13 11:18:45 [info]: ::1 - GET /api/v1/buyer/cart 304 - 16ms
2025-10-13 11:18:51 [info]: ::1 - GET /api/v1/products?page=1&limit=20 304 - 4ms
2025-10-13 11:18:51 [info]: ::1 - GET /api/v1/buyer/cart 304 - 8ms
2025-10-13 11:18:58 [info]: ::1 - POST /api/v1/auth/logout 200 - 16ms
2025-10-13 11:18:59 [info]: ::1 - GET /api/v1/products?page=1&limit=20 304 - 2ms
2025-10-13 11:19:07 [info]: ::1 - GET /api/v1/products?page=1&limit=20 304 - 5ms
2025-10-13 11:19:23 [info]: ::1 - GET /api/v1/products?page=1&limit=20 304 - 5ms
2025-10-13 11:21:46 [info]: ::1 - GET /api/v1/products?page=1&limit=20 304 - 64ms
2025-10-13 11:22:28 [info]: ::1 - GET /api/v1/products?page=1&limit=20 304 - 29ms
2025-10-13 11:22:34 [info]: ::1 - GET /api/v1/products?page=1&limit=20 304 - 2ms
2025-10-13 11:23:05 [info]: ::1 - GET /api/v1/products?page=1&limit=20 304 - 6ms
2025-10-13 11:23:12 [info]: ::1 - GET /api/v1/products?page=1&limit=20 304 - 3ms
2025-10-13 11:23:26 [info]: ::1 - GET /api/v1/products?page=1&limit=20 304 - 14ms
2025-10-13 11:25:05 [info]: ::1 - GET /api/v1/products?page=1&limit=20 304 - 6ms
2025-10-13 11:27:44 [info]: ::1 - GET /api/v1/products?page=1&limit=20 304 - 3ms
2025-10-13 11:27:47 [info]: ::1 - GET /api/v1/products?page=1&limit=20 304 - 3ms
2025-10-13 11:27:49 [info]: ::1 - GET /api/v1/products?page=1&limit=20 304 - 4ms
2025-10-13 11:27:51 [info]: ::1 - GET /api/v1/products?page=1&limit=20 304 - 5ms
2025-10-13 11:27:59 [info]: ::1 - GET /api/v1/products?page=1&limit=20 304 - 2ms
2025-10-13 11:29:24 [info]: ::1 - GET /api/v1/products?page=1&limit=20 304 - 9ms
2025-10-13 11:29:37 [info]: ::1 - GET /api/v1/products?page=1&limit=20 304 - 4ms
2025-10-13 11:30:17 [info]: ::1 - GET /api/v1/products?page=1&limit=20 304 - 2ms
