2025-10-11 13:03:17 [info]: ::1 - GET /api/v1/products?page=1&limit=20 304 - 66ms
2025-10-11 13:03:17 [info]: ::1 - GET /api/v1/buyer/cart 304 - 57ms
2025-10-11 13:03:26 [info]: ::1 - GET /api/v1/products?page=1&limit=20 304 - 9ms
2025-10-11 13:03:26 [info]: ::1 - GET /api/v1/buyer/cart 304 - 12ms
2025-10-11 13:03:38 [info]: ::1 - GET /api/v1/products?page=1&limit=20 304 - 9ms
2025-10-11 13:03:38 [info]: ::1 - GET /api/v1/buyer/cart 304 - 10ms
2025-10-11 13:03:51 [info]: ::1 - GET /api/v1/products?page=1&limit=20 304 - 6ms
2025-10-11 13:03:51 [info]: ::1 - GET /api/v1/buyer/cart 304 - 8ms
2025-10-11 13:04:30 [info]: ::1 - GET /api/v1/products 200 - 5ms
2025-10-11 13:04:30 [info]: ::1 - GET /api/v1/categories/top 304 - 12ms
2025-10-11 13:04:30 [info]: ::1 - GET /api/v1/buyer/cart 304 - 4ms
2025-10-11 13:04:33 [info]: ::1 - GET /api/v1/products?page=1&limit=20 304 - 8ms
2025-10-11 13:04:33 [info]: ::1 - GET /api/v1/buyer/cart 304 - 11ms
2025-10-11 13:04:53 [info]: ::1 - GET /api/v1/products?page=1&limit=20 304 - 10ms
2025-10-11 13:04:53 [info]: ::1 - GET /api/v1/buyer/cart 304 - 14ms
2025-10-11 13:06:06 [info]: ::1 - GET /api/v1/products?page=1&limit=20 304 - 16ms
2025-10-11 13:06:06 [info]: ::1 - GET /api/v1/buyer/cart 304 - 13ms
2025-10-11 13:07:14 [info]: ::1 - GET /api/v1/products?page=1&limit=20 304 - 8ms
2025-10-11 13:07:14 [info]: ::1 - GET /api/v1/buyer/cart 304 - 11ms
2025-10-11 13:07:33 [info]: ::1 - GET /api/v1/products?page=1&limit=20 304 - 62ms
2025-10-11 13:07:33 [info]: ::1 - GET /api/v1/buyer/cart 304 - 53ms
2025-10-11 13:07:42 [info]: ::1 - GET /api/v1/products?page=1&limit=20 304 - 3ms
2025-10-11 13:07:42 [info]: ::1 - GET /api/v1/buyer/cart 304 - 8ms
2025-10-11 13:09:04 [info]: ::1 - GET /api/v1/buyer/cart 304 - 12ms
2025-10-11 13:09:04 [info]: ::1 - GET /api/v1/products 304 - 7ms
2025-10-11 13:09:04 [info]: ::1 - GET /api/v1/categories/top 304 - 8ms
2025-10-11 13:10:13 [info]: ::1 - GET /api/v1/buyer/cart 304 - 11ms
2025-10-11 13:10:14 [info]: ::1 - GET /api/v1/categories/top 304 - 5ms
2025-10-11 13:10:14 [info]: ::1 - GET /api/v1/products 304 - 4ms
2025-10-11 13:10:18 [info]: ::1 - GET /api/v1/products/68e2c6b1e18e0ce3828528ec 304 - 4ms
2025-10-11 13:10:18 [info]: ::1 - GET /api/v1/buyer/cart 304 - 4ms
2025-10-11 13:10:22 [info]: ::1 - GET /api/v1/buyer/cart 304 - 8ms
2025-10-11 13:10:22 [info]: ::1 - GET /api/v1/categories/top 304 - 7ms
2025-10-11 13:10:22 [info]: ::1 - GET /api/v1/products 304 - 5ms
2025-10-11 13:10:27 [info]: ::1 - GET /api/v1/products?page=1&limit=20 304 - 2ms
2025-10-11 13:10:27 [info]: ::1 - GET /api/v1/buyer/cart 304 - 5ms
2025-10-11 13:11:18 [info]: ::1 - GET /api/v1/products?page=1&limit=20 304 - 3ms
2025-10-11 13:11:18 [info]: ::1 - GET /api/v1/buyer/cart 304 - 7ms
2025-10-11 14:50:29 [info]: ::1 - GET /api/v1/products?page=1&limit=20 304 - 14ms
2025-10-11 14:50:29 [info]: ::1 - GET /api/v1/buyer/cart 304 - 34ms
2025-10-11 15:41:26 [info]: ::1 - GET /api/v1/products?page=1&limit=20 304 - 19ms
2025-10-11 15:41:26 [info]: ::1 - GET /api/v1/buyer/cart 304 - 14ms
2025-10-11 15:41:36 [info]: ::1 - GET /api/v1/products?page=1&limit=20 304 - 11ms
2025-10-11 15:41:36 [info]: ::1 - GET /api/v1/buyer/cart 304 - 16ms
2025-10-11 15:45:08 [info]: ::1 - GET /api/v1/products?page=1&limit=20 304 - 3ms
2025-10-11 15:45:08 [info]: ::1 - GET /api/v1/buyer/cart 304 - 10ms
2025-10-11 15:57:27 [info]: ::1 - GET /api/v1/buyer/cart 304 - 77ms
2025-10-11 15:58:01 [info]: ::1 - GET /api/v1/buyer/cart 304 - 19ms
2025-10-11 15:58:07 [info]: ::1 - GET /api/v1/buyer/cart 304 - 10ms
2025-10-11 15:58:41 [info]: ::1 - GET /api/v1/buyer/cart 304 - 19ms
2025-10-11 15:58:41 [info]: ::1 - GET /api/v1/products?page=1&limit=20 304 - 13ms
2025-10-11 15:58:55 [info]: ::1 - GET /api/v1/products?page=1&limit=20 304 - 27ms
2025-10-11 15:58:55 [info]: ::1 - GET /api/v1/buyer/cart 304 - 25ms
2025-10-11 15:58:59 [info]: ::1 - GET /api/v1/products?page=1&limit=20 304 - 15ms
2025-10-11 15:58:59 [info]: ::1 - GET /api/v1/buyer/cart 304 - 8ms
2025-10-11 16:00:01 [info]: ::1 - GET /api/v1/products?page=1&limit=20 304 - 3ms
2025-10-11 16:00:01 [info]: ::1 - GET /api/v1/buyer/cart 304 - 10ms
2025-10-11 16:00:20 [info]: ::1 - GET /api/v1/products?page=1&limit=20 304 - 11ms
2025-10-11 16:00:20 [info]: ::1 - GET /api/v1/buyer/cart 304 - 11ms
2025-10-11 16:00:23 [info]: ::1 - GET /api/v1/categories/top 304 - 13ms
2025-10-11 16:00:23 [info]: ::1 - GET /api/v1/products 304 - 4ms
2025-10-11 16:00:23 [info]: ::1 - GET /api/v1/buyer/cart 304 - 3ms
2025-10-11 16:00:26 [info]: ::1 - GET /api/v1/products?page=1&limit=20 304 - 3ms
2025-10-11 16:00:26 [info]: ::1 - GET /api/v1/buyer/cart 304 - 6ms
2025-10-11 16:00:43 [info]: ::1 - GET /api/v1/buyer/cart 304 - 89ms
2025-10-11 16:00:43 [info]: ::1 - GET /api/v1/products?page=1&limit=20 304 - 85ms
2025-10-11 16:00:45 [info]: ::1 - GET /api/v1/products?page=1&limit=20 304 - 4ms
2025-10-11 16:00:45 [info]: ::1 - GET /api/v1/buyer/cart 304 - 10ms
2025-10-11 16:01:04 [info]: ::1 - GET /api/v1/products?page=1&limit=20 304 - 5ms
2025-10-11 16:01:04 [info]: ::1 - GET /api/v1/buyer/cart 304 - 7ms
2025-10-11 16:01:19 [info]: ::1 - GET /api/v1/products?page=1&limit=20 304 - 2ms
2025-10-11 16:01:19 [info]: ::1 - GET /api/v1/buyer/cart 304 - 6ms
2025-10-11 16:01:35 [info]: ::1 - GET /api/v1/products?page=1&limit=20 304 - 5ms
2025-10-11 16:01:35 [info]: ::1 - GET /api/v1/buyer/cart 304 - 5ms
2025-10-11 16:01:44 [info]: ::1 - GET /api/v1/products?page=1&limit=20 304 - 12ms
2025-10-11 16:01:44 [info]: ::1 - GET /api/v1/buyer/cart 304 - 26ms
2025-10-11 16:01:48 [info]: ::1 - GET /api/v1/products?page=1&limit=20 304 - 4ms
2025-10-11 16:01:48 [info]: ::1 - GET /api/v1/buyer/cart 304 - 18ms
2025-10-11 16:02:31 [info]: ::1 - GET /api/v1/buyer/cart 304 - 51ms
2025-10-11 16:02:31 [info]: ::1 - GET /api/v1/products?page=1&limit=20 304 - 72ms
2025-10-11 16:02:34 [info]: ::1 - GET /api/v1/buyer/cart 304 - 8ms
2025-10-11 16:02:34 [info]: ::1 - GET /api/v1/products?page=1&limit=20 304 - 4ms
2025-10-11 16:02:38 [info]: ::1 - GET /api/v1/products?page=1&limit=20 304 - 4ms
2025-10-11 16:02:38 [info]: ::1 - GET /api/v1/buyer/cart 304 - 3ms
2025-10-11 16:02:49 [info]: ::1 - GET /api/v1/products?page=1&limit=20 304 - 4ms
2025-10-11 16:02:49 [info]: ::1 - GET /api/v1/buyer/cart 304 - 5ms
2025-10-11 16:02:51 [info]: ::1 - GET /api/v1/products?page=1&limit=20 304 - 4ms
2025-10-11 16:02:51 [info]: ::1 - GET /api/v1/buyer/cart 304 - 3ms
2025-10-11 16:03:27 [info]: ::1 - GET /api/v1/products?page=1&limit=20 304 - 33ms
2025-10-11 16:03:27 [info]: ::1 - GET /api/v1/buyer/cart 304 - 89ms
2025-10-11 16:03:29 [info]: ::1 - GET /api/v1/products?page=1&limit=20 304 - 11ms
2025-10-11 16:03:29 [info]: ::1 - GET /api/v1/buyer/cart 304 - 14ms
2025-10-11 16:03:32 [info]: ::1 - GET /api/v1/categories/top 304 - 7ms
2025-10-11 16:03:32 [info]: ::1 - GET /api/v1/products 304 - 7ms
2025-10-11 16:03:32 [info]: ::1 - GET /api/v1/buyer/cart 304 - 4ms
2025-10-11 16:03:33 [info]: ::1 - GET /api/v1/products/flash-sale 304 - 4ms
2025-10-11 16:03:33 [info]: ::1 - GET /api/v1/categories 200 - 6ms
2025-10-11 16:03:34 [info]: ::1 - GET /api/v1/brands 200 - 17ms
2025-10-11 16:03:35 [info]: ::1 - GET /api/v1/products?page=1&limit=20 304 - 3ms
2025-10-11 16:03:35 [info]: ::1 - GET /api/v1/buyer/cart 304 - 4ms
2025-10-11 16:04:15 [info]: ::1 - GET /api/v1/products?page=1&limit=20 304 - 57ms
2025-10-11 16:04:15 [info]: ::1 - GET /api/v1/buyer/cart 304 - 51ms
2025-10-11 16:05:09 [info]: ::1 - GET /api/v1/products?page=1&limit=20 304 - 10ms
2025-10-11 16:05:09 [info]: ::1 - GET /api/v1/buyer/cart 304 - 15ms
2025-10-11 16:05:31 [info]: ::1 - GET /api/v1/products?page=1&limit=20 304 - 90ms
2025-10-11 16:05:31 [info]: ::1 - GET /api/v1/buyer/cart 304 - 75ms
2025-10-11 16:05:45 [info]: ::1 - GET /api/v1/products?page=1&limit=20 304 - 15ms
2025-10-11 16:05:45 [info]: ::1 - GET /api/v1/buyer/cart 304 - 19ms
2025-10-11 16:06:06 [info]: ::1 - GET /api/v1/products?page=1&limit=20 304 - 9ms
2025-10-11 16:06:06 [info]: ::1 - GET /api/v1/buyer/cart 304 - 14ms
2025-10-11 16:06:27 [info]: ::1 - GET /api/v1/products?page=1&limit=20 304 - 23ms
2025-10-11 16:06:27 [info]: ::1 - GET /api/v1/buyer/cart 304 - 20ms
2025-10-11 16:06:37 [info]: ::1 - GET /api/v1/products?page=1&limit=20 304 - 4ms
2025-10-11 16:06:37 [info]: ::1 - GET /api/v1/buyer/cart 304 - 11ms
2025-10-11 16:06:55 [info]: ::1 - GET /api/v1/products?page=1&limit=20 304 - 4ms
2025-10-11 16:06:55 [info]: ::1 - GET /api/v1/buyer/cart 304 - 7ms
2025-10-11 16:07:01 [info]: ::1 - GET /api/v1/products?page=1&limit=20 304 - 11ms
2025-10-11 16:07:01 [info]: ::1 - GET /api/v1/buyer/cart 304 - 14ms
2025-10-11 16:37:47 [info]: ::1 - GET /api/v1/products?page=1&limit=20 304 - 129ms
2025-10-11 16:37:47 [info]: ::1 - GET /api/v1/buyer/cart 304 - 127ms
2025-10-11 16:37:53 [info]: ::1 - GET /api/v1/products?page=1&limit=20 304 - 3ms
2025-10-11 16:37:53 [info]: ::1 - GET /api/v1/buyer/cart 304 - 9ms
2025-10-11 16:39:46 [info]: ::1 - GET /api/v1/buyer/cart 304 - 29ms
2025-10-11 16:39:46 [info]: ::1 - GET /api/v1/products?page=1&limit=20 304 - 39ms
2025-10-11 16:43:33 [info]: ::1 - GET /api/v1/products?page=1&limit=20 304 - 6ms
2025-10-11 16:43:33 [info]: ::1 - GET /api/v1/buyer/cart 304 - 9ms
2025-10-11 16:43:49 [info]: ::1 - GET /api/v1/products?page=1&limit=20 304 - 12ms
2025-10-11 16:43:49 [info]: ::1 - GET /api/v1/buyer/cart 304 - 10ms
2025-10-11 16:44:05 [info]: ::1 - GET /api/v1/products?page=1&limit=20 304 - 31ms
2025-10-11 16:44:06 [info]: ::1 - GET /api/v1/buyer/cart 304 - 12ms
2025-10-11 16:46:55 [info]: ::1 - GET /api/v1/products?page=1&limit=20 304 - 11ms
2025-10-11 16:46:56 [info]: ::1 - GET /api/v1/buyer/cart 304 - 12ms
2025-10-11 16:47:48 [info]: ::1 - GET /api/v1/products?page=1&limit=20 304 - 27ms
2025-10-11 16:47:48 [info]: ::1 - GET /api/v1/buyer/cart 304 - 16ms
2025-10-11 16:47:53 [info]: ::1 - GET /api/v1/products?page=1&limit=20 304 - 13ms
2025-10-11 16:47:53 [info]: ::1 - GET /api/v1/buyer/cart 304 - 17ms
2025-10-11 16:48:17 [info]: ::1 - GET /api/v1/products?page=1&limit=20 304 - 15ms
2025-10-11 16:48:18 [info]: ::1 - GET /api/v1/buyer/cart 304 - 37ms
2025-10-11 16:48:33 [info]: ::1 - GET /api/v1/products?page=1&limit=20 304 - 3ms
2025-10-11 16:48:33 [info]: ::1 - GET /api/v1/buyer/cart 304 - 5ms
2025-10-11 16:48:59 [info]: ::1 - GET /api/v1/products?page=1&limit=20 304 - 6ms
2025-10-11 16:48:59 [info]: ::1 - GET /api/v1/buyer/cart 304 - 9ms
2025-10-11 16:52:50 [info]: ::1 - GET /api/v1/products?page=1&limit=20 304 - 7ms
2025-10-11 16:52:50 [info]: ::1 - GET /api/v1/buyer/cart 304 - 23ms
2025-10-11 16:52:54 [info]: ::1 - GET /api/v1/products?page=1&limit=20 304 - 1ms
2025-10-11 16:52:54 [info]: ::1 - GET /api/v1/buyer/cart 304 - 4ms
2025-10-11 16:53:01 [info]: ::1 - GET /api/v1/products?page=1&limit=20 304 - 37ms
2025-10-11 16:53:01 [info]: ::1 - GET /api/v1/buyer/cart 304 - 51ms
2025-10-11 16:55:42 [info]: ::1 - GET /api/v1/products?page=1&limit=20 304 - 6ms
2025-10-11 16:55:43 [info]: ::1 - GET /api/v1/products?page=1&limit=20 304 - 18ms
2025-10-11 16:55:59 [info]: ::1 - GET /api/v1/products?page=1&limit=20 304 - 9ms
2025-10-11 16:56:03 [info]: ::1 - GET /api/v1/products?page=1&limit=20 304 - 7ms
2025-10-11 16:57:32 [info]: ::1 - GET /api/v1/products?page=1&limit=20 304 - 8ms
2025-10-11 16:59:48 [info]: ::1 - GET /api/v1/products?page=1&limit=20 304 - 18ms
2025-10-11 16:59:58 [info]: ::1 - GET /api/v1/products?page=1&limit=20 304 - 11ms
2025-10-11 17:01:34 [info]: ::1 - GET /api/v1/products?page=1&limit=20 304 - 10ms
2025-10-11 17:06:17 [info]: ::1 - GET /api/v1/products?page=1&limit=20 304 - 10ms
2025-10-11 17:08:48 [info]: ::1 - GET /api/v1/products?page=1&limit=20 304 - 10ms
2025-10-11 17:11:28 [info]: ::1 - GET /api/v1/products?page=1&limit=20 304 - 14ms
2025-10-11 17:12:04 [info]: ::1 - GET /api/v1/products?page=1&limit=20 304 - 22ms
2025-10-11 17:13:27 [info]: ::1 - GET /api/v1/products?page=1&limit=20 304 - 6ms
2025-10-11 17:13:52 [info]: ::1 - GET /api/v1/products?page=1&limit=20 304 - 9ms
2025-10-11 17:13:56 [info]: ::1 - GET /api/v1/products?page=1&limit=20 304 - 13ms
2025-10-11 17:13:58 [info]: ::1 - GET /api/v1/products?page=1&limit=20 304 - 4ms
2025-10-11 17:13:59 [info]: ::1 - GET /api/v1/products?page=1&limit=20 304 - 3ms
2025-10-11 17:13:59 [info]: ::1 - GET /api/v1/products?page=1&limit=20 304 - 2ms
2025-10-11 17:14:00 [info]: ::1 - GET /api/v1/products?page=1&limit=20 304 - 3ms
2025-10-11 17:14:00 [info]: ::1 - GET /api/v1/products?page=1&limit=20 304 - 3ms
2025-10-11 17:14:00 [info]: ::1 - GET /api/v1/products?page=1&limit=20 304 - 4ms
2025-10-11 17:14:01 [info]: ::1 - GET /api/v1/products?page=1&limit=20 304 - 3ms
2025-10-11 17:14:32 [info]: ::1 - GET /api/v1/products?page=1&limit=20 304 - 10ms
2025-10-11 17:16:53 [info]: ::1 - GET /api/v1/products?page=1&limit=20 304 - 10ms
2025-10-11 17:17:09 [info]: ::1 - GET /api/v1/products?page=1&limit=20 304 - 5ms
2025-10-11 17:17:09 [info]: ::1 - GET /api/v1/buyer/cart 304 - 13ms
2025-10-11 17:17:15 [info]: ::1 - GET /api/v1/products?page=1&limit=20 304 - 6ms
2025-10-11 17:17:15 [info]: ::1 - GET /api/v1/buyer/cart 304 - 9ms
2025-10-11 17:17:47 [info]: ::1 - GET /api/v1/products?page=1&limit=20 304 - 18ms
2025-10-11 17:17:47 [info]: ::1 - GET /api/v1/buyer/cart 304 - 20ms
2025-10-11 17:17:51 [info]: ::1 - GET /api/v1/products?page=1&limit=20 304 - 2ms
2025-10-11 17:17:51 [info]: ::1 - GET /api/v1/buyer/cart 304 - 2ms
2025-10-11 17:19:12 [info]: ::1 - GET /api/v1/products?page=1&limit=20 304 - 21ms
2025-10-11 17:19:12 [info]: ::1 - GET /api/v1/buyer/cart 304 - 15ms
2025-10-11 17:27:03 [info]: ::1 - GET /api/v1/products?page=1&limit=20 304 - 23ms
2025-10-11 17:27:03 [info]: ::1 - GET /api/v1/buyer/cart 304 - 27ms
2025-10-11 17:27:11 [info]: ::1 - GET /api/v1/products?page=1&limit=20 304 - 2ms
2025-10-11 17:27:11 [info]: ::1 - GET /api/v1/buyer/cart 304 - 6ms
2025-10-11 17:27:31 [info]: ::1 - GET /api/v1/products?page=1&limit=20 304 - 9ms
2025-10-11 17:27:31 [info]: ::1 - GET /api/v1/buyer/cart 304 - 11ms
2025-10-11 17:28:51 [info]: ::1 - GET /api/v1/products?page=1&limit=20 304 - 17ms
2025-10-11 17:28:51 [info]: ::1 - GET /api/v1/buyer/cart 304 - 34ms
2025-10-11 17:29:02 [info]: ::1 - GET /api/v1/products?page=1&limit=20 304 - 17ms
2025-10-11 17:29:02 [info]: ::1 - GET /api/v1/buyer/cart 304 - 12ms
2025-10-11 17:30:08 [info]: ::1 - GET /api/v1/products?page=1&limit=20 304 - 6ms
2025-10-11 17:30:08 [info]: ::1 - GET /api/v1/buyer/cart 304 - 4ms
2025-10-11 17:35:25 [info]: ::1 - GET /api/v1/products?page=1&limit=20 304 - 9ms
2025-10-11 17:35:25 [info]: ::1 - GET /api/v1/buyer/cart 304 - 7ms
2025-10-11 18:04:56 [info]: ::1 - GET /api/v1/products?page=1&limit=20 304 - 128ms
2025-10-11 18:04:56 [info]: ::1 - GET /api/v1/buyer/cart 304 - 114ms
2025-10-11 18:07:39 [info]: ::1 - GET /api/v1/products?page=1&limit=20 304 - 17ms
2025-10-11 18:07:39 [info]: ::1 - GET /api/v1/buyer/cart 304 - 20ms
2025-10-11 18:08:19 [info]: ::1 - GET /api/v1/products?page=1&limit=20 304 - 12ms
2025-10-11 18:08:19 [info]: ::1 - GET /api/v1/buyer/cart 304 - 10ms
2025-10-11 18:08:23 [info]: ::1 - GET /api/v1/products?page=1&limit=20 304 - 4ms
2025-10-11 18:08:23 [info]: ::1 - GET /api/v1/buyer/cart 304 - 8ms
2025-10-11 18:08:32 [info]: ::1 - GET /api/v1/products?page=1&limit=20 304 - 1ms
2025-10-11 18:08:32 [info]: ::1 - GET /api/v1/buyer/cart 304 - 3ms
2025-10-11 18:08:34 [info]: ::1 - GET /api/v1/products?page=1&limit=20 304 - 1ms
2025-10-11 18:08:34 [info]: ::1 - GET /api/v1/buyer/cart 304 - 4ms
2025-10-11 18:08:57 [info]: ::1 - GET /api/v1/products?page=1&limit=20 304 - 9ms
2025-10-11 18:08:57 [info]: ::1 - GET /api/v1/buyer/cart 304 - 17ms
2025-10-11 18:11:43 [info]: ::1 - GET /api/v1/products?page=1&limit=20 304 - 7ms
2025-10-11 18:11:43 [info]: ::1 - GET /api/v1/buyer/cart 304 - 8ms
2025-10-11 18:11:44 [info]: ::1 - GET /api/v1/products?page=1&limit=20 304 - 2ms
2025-10-11 18:11:44 [info]: ::1 - GET /api/v1/buyer/cart 304 - 4ms
2025-10-11 18:11:46 [info]: ::1 - GET /api/v1/products 304 - 2ms
2025-10-11 18:11:46 [info]: ::1 - GET /api/v1/categories/top 304 - 8ms
2025-10-11 18:11:46 [info]: ::1 - GET /api/v1/products?page=1&limit=20 304 - 2ms
2025-10-11 18:11:46 [info]: ::1 - GET /api/v1/buyer/cart 304 - 6ms
2025-10-11 18:12:10 [info]: ::1 - GET /api/v1/products?page=1&limit=20 304 - 4ms
2025-10-11 18:12:10 [info]: ::1 - GET /api/v1/buyer/cart 304 - 6ms
2025-10-11 18:15:04 [info]: ::1 - GET /api/v1/products?page=1&limit=20 304 - 2ms
2025-10-11 18:15:04 [info]: ::1 - GET /api/v1/buyer/cart 304 - 6ms
2025-10-11 18:16:21 [info]: ::1 - GET /api/v1/products?page=1&limit=20 304 - 4ms
2025-10-11 18:16:21 [info]: ::1 - GET /api/v1/buyer/cart 304 - 4ms
2025-10-11 18:16:34 [info]: ::1 - GET /api/v1/products?page=1&limit=20 304 - 2ms
2025-10-11 18:16:34 [info]: ::1 - GET /api/v1/buyer/cart 304 - 3ms
2025-10-11 18:16:36 [info]: ::1 - GET /api/v1/categories/top 304 - 3ms
2025-10-11 18:16:36 [info]: ::1 - GET /api/v1/products 304 - 3ms
2025-10-11 18:16:54 [info]: ::1 - GET /api/v1/products?page=1&limit=20 304 - 2ms
2025-10-11 18:16:54 [info]: ::1 - GET /api/v1/buyer/cart 304 - 5ms
2025-10-11 18:17:39 [info]: ::1 - GET /api/v1/products?page=1&limit=20 304 - 3ms
2025-10-11 18:17:39 [info]: ::1 - GET /api/v1/buyer/cart 304 - 7ms
2025-10-11 18:17:45 [info]: ::1 - GET /api/v1/products?page=1&limit=20 304 - 12ms
2025-10-11 18:17:45 [info]: ::1 - GET /api/v1/buyer/cart 304 - 17ms
2025-10-11 18:18:29 [info]: ::1 - GET /api/v1/products?page=1&limit=20 304 - 4ms
2025-10-11 18:18:29 [info]: ::1 - GET /api/v1/buyer/cart 304 - 6ms
2025-10-11 18:20:23 [info]: ::1 - GET /api/v1/products?page=1&limit=20 304 - 4ms
2025-10-11 18:20:23 [info]: ::1 - GET /api/v1/buyer/cart 304 - 7ms
2025-10-11 18:20:41 [info]: ::1 - GET /api/v1/products?page=1&limit=20 304 - 3ms
2025-10-11 18:20:41 [info]: ::1 - GET /api/v1/buyer/cart 304 - 5ms
2025-10-11 18:21:22 [info]: ::1 - GET /api/v1/products?page=1&limit=20 304 - 3ms
2025-10-11 18:21:22 [info]: ::1 - GET /api/v1/buyer/cart 304 - 9ms
2025-10-11 18:21:34 [info]: ::1 - GET /api/v1/products?page=1&limit=20 304 - 3ms
2025-10-11 18:21:34 [info]: ::1 - GET /api/v1/buyer/cart 304 - 5ms
2025-10-11 18:23:47 [info]: ::1 - GET /api/v1/products?page=1&limit=20 304 - 9ms
2025-10-11 18:23:47 [info]: ::1 - GET /api/v1/buyer/cart 304 - 14ms
2025-10-11 18:25:13 [info]: ::1 - GET /api/v1/products?page=1&limit=20 304 - 9ms
2025-10-11 18:25:13 [info]: ::1 - GET /api/v1/buyer/cart 304 - 7ms
2025-10-11 18:27:15 [info]: ::1 - GET /api/v1/buyer/cart 304 - 7ms
2025-10-11 18:27:23 [info]: ::1 - GET /api/v1/buyer/cart 304 - 7ms
2025-10-11 18:27:24 [info]: ::1 - GET /api/v1/buyer/cart 304 - 5ms
2025-10-11 18:29:12 [info]: ::1 - GET /api/v1/products?page=1&limit=20 304 - 19ms
2025-10-11 18:29:12 [info]: ::1 - GET /api/v1/buyer/cart 304 - 18ms
2025-10-11 18:29:31 [info]: ::1 - GET /api/v1/products?page=1&limit=20 304 - 4ms
2025-10-11 18:29:31 [info]: ::1 - GET /api/v1/buyer/cart 304 - 9ms
2025-10-11 18:31:05 [info]: ::1 - GET /api/v1/buyer/cart 304 - 21ms
2025-10-11 18:31:05 [info]: ::1 - GET /api/v1/products?page=1&limit=20 304 - 30ms
2025-10-11 18:31:11 [info]: ::1 - GET /api/v1/products?page=1&limit=20 304 - 3ms
2025-10-11 18:31:11 [info]: ::1 - GET /api/v1/buyer/cart 304 - 6ms
2025-10-11 18:31:17 [info]: ::1 - GET /api/v1/products?page=1&limit=20 304 - 4ms
2025-10-11 18:31:17 [info]: ::1 - GET /api/v1/buyer/cart 304 - 9ms
2025-10-11 18:31:27 [info]: ::1 - GET /api/v1/products?page=1&limit=20 304 - 6ms
2025-10-11 18:31:27 [info]: ::1 - GET /api/v1/buyer/cart 304 - 7ms
2025-10-11 18:31:49 [info]: ::1 - GET /api/v1/products?page=1&limit=20 304 - 10ms
2025-10-11 18:31:49 [info]: ::1 - GET /api/v1/buyer/cart 304 - 17ms
2025-10-11 18:31:58 [info]: ::1 - GET /api/v1/products?page=1&limit=20 304 - 7ms
2025-10-11 18:31:58 [info]: ::1 - GET /api/v1/buyer/cart 304 - 15ms
2025-10-11 18:32:06 [info]: ::1 - GET /api/v1/products?page=1&limit=20 304 - 3ms
2025-10-11 18:32:06 [info]: ::1 - GET /api/v1/buyer/cart 304 - 6ms
2025-10-11 18:32:12 [info]: ::1 - GET /api/v1/products?page=1&limit=20 304 - 5ms
2025-10-11 18:32:12 [info]: ::1 - GET /api/v1/buyer/cart 304 - 7ms
2025-10-11 18:34:30 [info]: ::1 - GET /api/v1/products?page=1&limit=20 304 - 3ms
2025-10-11 18:34:30 [info]: ::1 - GET /api/v1/buyer/cart 304 - 5ms
2025-10-11 18:42:30 [info]: ::1 - GET /api/v1/products?page=1&limit=20 304 - 7ms
2025-10-11 18:42:30 [info]: ::1 - GET /api/v1/buyer/cart 304 - 12ms
2025-10-11 18:42:37 [info]: ::1 - GET /api/v1/products?page=1&limit=20 304 - 4ms
2025-10-11 18:42:37 [info]: ::1 - GET /api/v1/buyer/cart 304 - 6ms
2025-10-11 18:48:40 [info]: ::1 - GET /api/v1/products?page=1&limit=20 304 - 64ms
2025-10-11 18:48:40 [info]: ::1 - GET /api/v1/buyer/cart 304 - 62ms
2025-10-11 18:49:03 [info]: ::1 - GET /api/v1/products?page=1&limit=20 304 - 4ms
2025-10-11 18:49:03 [info]: ::1 - GET /api/v1/buyer/cart 304 - 8ms
2025-10-11 18:55:05 [info]: ::1 - GET /api/v1/products?page=1&limit=20 304 - 5ms
2025-10-11 18:55:05 [info]: ::1 - GET /api/v1/buyer/cart 304 - 12ms
2025-10-11 19:02:08 [info]: ::1 - GET /api/v1/products?page=1&limit=20 304 - 14ms
2025-10-11 19:02:08 [info]: ::1 - GET /api/v1/buyer/cart 304 - 15ms
2025-10-11 19:02:36 [info]: ::1 - GET /api/v1/products?page=1&limit=20 304 - 7ms
2025-10-11 19:02:36 [info]: ::1 - GET /api/v1/buyer/cart 304 - 14ms
2025-10-11 19:02:43 [info]: ::1 - GET /api/v1/products?page=1&limit=20 304 - 5ms
2025-10-11 19:02:43 [info]: ::1 - GET /api/v1/buyer/cart 304 - 8ms
2025-10-11 19:02:53 [info]: ::1 - GET /api/v1/products?page=1&limit=20 304 - 7ms
2025-10-11 19:02:53 [info]: ::1 - GET /api/v1/buyer/cart 304 - 9ms
2025-10-11 19:05:14 [info]: ::1 - GET /api/v1/products?page=1&limit=20 304 - 9ms
2025-10-11 19:05:14 [info]: ::1 - GET /api/v1/buyer/cart 304 - 3ms
2025-10-11 19:06:31 [info]: ::1 - GET /api/v1/products?page=1&limit=20 304 - 14ms
2025-10-11 19:06:31 [info]: ::1 - GET /api/v1/buyer/cart 304 - 9ms
2025-10-11 19:08:00 [info]: ::1 - GET /api/v1/products?page=1&limit=20 304 - 12ms
2025-10-11 19:08:00 [info]: ::1 - GET /api/v1/buyer/cart 304 - 11ms
2025-10-11 19:09:45 [info]: ::1 - GET /api/v1/products?page=1&limit=20 304 - 4ms
2025-10-11 19:09:45 [info]: ::1 - GET /api/v1/buyer/cart 304 - 7ms
2025-10-11 19:09:59 [info]: ::1 - GET /api/v1/products?page=1&limit=20 304 - 8ms
2025-10-11 19:09:59 [info]: ::1 - GET /api/v1/buyer/cart 304 - 8ms
2025-10-11 19:12:06 [info]: ::1 - GET /api/v1/products?page=1&limit=20 304 - 18ms
2025-10-11 19:12:06 [info]: ::1 - GET /api/v1/buyer/cart 304 - 10ms
2025-10-11 19:13:25 [info]: ::1 - GET /api/v1/products?page=1&limit=20 304 - 4ms
2025-10-11 19:13:25 [info]: ::1 - GET /api/v1/buyer/cart 304 - 9ms
2025-10-11 19:13:34 [info]: ::1 - GET /api/v1/products?page=1&limit=20 304 - 7ms
2025-10-11 19:13:34 [info]: ::1 - GET /api/v1/buyer/cart 304 - 6ms
2025-10-11 19:14:56 [info]: ::1 - GET /api/v1/products?page=1&limit=20 304 - 24ms
2025-10-11 19:14:56 [info]: ::1 - GET /api/v1/buyer/cart 304 - 25ms
2025-10-11 19:16:22 [info]: ::1 - GET /api/v1/products?page=1&limit=20 304 - 6ms
2025-10-11 19:16:22 [info]: ::1 - GET /api/v1/buyer/cart 304 - 18ms
2025-10-11 19:19:25 [info]: ::1 - GET /api/v1/products?page=1&limit=20 304 - 10ms
2025-10-11 19:19:25 [info]: ::1 - GET /api/v1/buyer/cart 304 - 6ms
2025-10-11 19:24:31 [info]: ::1 - GET /api/v1/products?page=1&limit=20 304 - 12ms
2025-10-11 19:24:31 [info]: ::1 - GET /api/v1/buyer/cart 304 - 33ms
2025-10-11 19:25:04 [info]: ::1 - GET /api/v1/products?page=1&limit=20 304 - 4ms
2025-10-11 19:25:04 [info]: ::1 - GET /api/v1/buyer/cart 304 - 27ms
2025-10-11 19:25:24 [info]: ::1 - GET /api/v1/products?page=1&limit=20 304 - 21ms
2025-10-11 19:25:24 [info]: ::1 - GET /api/v1/buyer/cart 304 - 20ms
2025-10-11 19:26:36 [info]: ::1 - GET /api/v1/products?page=1&limit=20 304 - 54ms
2025-10-11 19:26:36 [info]: ::1 - GET /api/v1/buyer/cart 304 - 30ms
2025-10-11 19:26:42 [info]: ::1 - GET /api/v1/products?page=1&limit=20 304 - 7ms
2025-10-11 19:26:42 [info]: ::1 - GET /api/v1/buyer/cart 304 - 6ms
2025-10-11 19:26:47 [info]: ::1 - GET /api/v1/products?page=1&limit=20 304 - 5ms
2025-10-11 19:26:47 [info]: ::1 - GET /api/v1/buyer/cart 304 - 8ms
2025-10-11 19:30:50 [info]: ::1 - GET /api/v1/products?page=1&limit=20 304 - 6ms
2025-10-11 19:30:50 [info]: ::1 - GET /api/v1/buyer/cart 304 - 6ms
2025-10-11 19:37:53 [info]: ::1 - GET /api/v1/buyer/cart 304 - 33ms
2025-10-11 19:37:53 [info]: ::1 - GET /api/v1/products?page=1&limit=20 304 - 62ms
2025-10-11 19:38:22 [info]: ::1 - GET /api/v1/products?page=1&limit=20 304 - 8ms
2025-10-11 19:38:22 [info]: ::1 - GET /api/v1/buyer/cart 304 - 5ms
2025-10-11 19:38:39 [info]: ::1 - GET /api/v1/products?page=1&limit=20 304 - 20ms
2025-10-11 19:38:39 [info]: ::1 - GET /api/v1/buyer/cart 304 - 30ms
2025-10-11 19:38:51 [info]: ::1 - GET /api/v1/products?page=1&limit=20 304 - 10ms
2025-10-11 19:38:51 [info]: ::1 - GET /api/v1/buyer/cart 304 - 12ms
2025-10-11 21:39:29 [info]: ::1 - GET /api/v1/categories/top 304 - 15ms
2025-10-11 21:39:29 [info]: ::1 - GET /api/v1/products 304 - 12ms
2025-10-11 21:40:06 [info]: ::1 - GET /api/v1/products 304 - 2ms
2025-10-11 21:40:06 [info]: ::1 - GET /api/v1/categories/top 304 - 4ms
2025-10-11 21:40:06 [info]: ::1 - GET /api/v1/buyer/cart 304 - 27ms
2025-10-11 21:40:18 [info]: ::1 - GET /api/v1/categories/top 304 - 3ms
2025-10-11 21:40:18 [info]: ::1 - GET /api/v1/products 304 - 3ms
2025-10-11 21:41:24 [info]: ::1 - GET /api/v1/products?page=1&limit=20 304 - 3ms
2025-10-11 21:41:24 [info]: ::1 - GET /api/v1/buyer/cart 304 - 4ms
2025-10-11 21:41:41 [info]: ::1 - GET /api/v1/products?page=1&limit=20 304 - 3ms
2025-10-11 21:41:41 [info]: ::1 - GET /api/v1/buyer/cart 304 - 4ms
2025-10-11 21:41:54 [info]: ::1 - GET /api/v1/products?page=1&limit=20 304 - 3ms
2025-10-11 21:41:54 [info]: ::1 - GET /api/v1/buyer/cart 304 - 3ms
2025-10-11 21:47:47 [info]: ::1 - GET /api/v1/products?page=1&limit=20 304 - 8ms
2025-10-11 21:47:47 [info]: ::1 - GET /api/v1/buyer/cart 304 - 5ms
2025-10-11 21:47:51 [info]: ::1 - GET /api/v1/products?page=1&limit=20 304 - 3ms
2025-10-11 21:47:51 [info]: ::1 - GET /api/v1/buyer/cart 304 - 5ms
2025-10-11 21:47:54 [info]: ::1 - GET /api/v1/products?page=1&limit=20 304 - 1ms
2025-10-11 21:47:54 [info]: ::1 - GET /api/v1/buyer/cart 304 - 3ms
2025-10-11 21:47:57 [info]: ::1 - GET /api/v1/products?page=1&limit=20 304 - 4ms
2025-10-11 21:47:57 [info]: ::1 - GET /api/v1/buyer/cart 304 - 5ms
2025-10-11 21:47:59 [info]: ::1 - GET /api/v1/products?page=1&limit=20 304 - 2ms
2025-10-11 21:47:59 [info]: ::1 - GET /api/v1/buyer/cart 304 - 6ms
2025-10-11 21:48:01 [info]: ::1 - GET /api/v1/products?page=1&limit=20 304 - 1ms
2025-10-11 21:48:01 [info]: ::1 - GET /api/v1/buyer/cart 304 - 3ms
2025-10-11 21:48:44 [info]: ::1 - GET /api/v1/products?page=1&limit=20 304 - 4ms
2025-10-11 21:48:44 [info]: ::1 - GET /api/v1/buyer/cart 304 - 5ms
2025-10-11 21:48:51 [info]: ::1 - GET /api/v1/products?page=1&limit=20 304 - 4ms
2025-10-11 21:48:51 [info]: ::1 - GET /api/v1/buyer/cart 304 - 6ms
2025-10-11 21:48:52 [info]: ::1 - GET /api/v1/buyer/cart 304 - 4ms
2025-10-11 21:48:52 [info]: ::1 - GET /api/v1/categories/top 304 - 2ms
2025-10-11 21:48:52 [info]: ::1 - GET /api/v1/products 304 - 3ms
2025-10-11 21:50:01 [info]: ::1 - GET /api/v1/buyer/cart 304 - 3ms
2025-10-11 21:50:16 [info]: ::1 - GET /api/v1/buyer/cart 304 - 7ms
2025-10-11 21:50:16 [info]: ::1 - GET /api/v1/categories/top 304 - 5ms
2025-10-11 21:50:16 [info]: ::1 - GET /api/v1/products 304 - 5ms
2025-10-11 21:50:18 [info]: ::1 - GET /api/v1/products/flash-sale 304 - 4ms
2025-10-11 21:50:19 [info]: ::1 - GET /api/v1/categories/top 304 - 4ms
2025-10-11 21:50:19 [info]: ::1 - GET /api/v1/products 304 - 3ms
2025-10-11 21:50:19 [info]: ::1 - GET /api/v1/buyer/cart 304 - 3ms
2025-10-11 21:50:21 [info]: ::1 - GET /api/v1/categories 304 - 6ms
2025-10-11 21:50:21 [info]: ::1 - GET /api/v1/brands 304 - 16ms
2025-10-11 21:50:24 [info]: ::1 - GET /api/v1/categories/top 304 - 6ms
2025-10-11 21:50:24 [info]: ::1 - GET /api/v1/products 304 - 4ms
2025-10-11 21:50:24 [info]: ::1 - GET /api/v1/buyer/cart 304 - 5ms
2025-10-11 21:50:25 [info]: ::1 - GET /api/v1/categories 304 - 2ms
2025-10-11 21:50:28 [info]: ::1 - GET /api/v1/brands 304 - 3ms
2025-10-11 21:50:34 [info]: ::1 - GET /api/v1/categories/top 304 - 2ms
2025-10-11 21:50:34 [info]: ::1 - GET /api/v1/products 304 - 3ms
2025-10-11 21:50:34 [info]: ::1 - GET /api/v1/buyer/cart 304 - 5ms
2025-10-11 21:50:44 [info]: ::1 - GET /api/v1/categories/top 304 - 2ms
2025-10-11 21:50:44 [info]: ::1 - GET /api/v1/products/flash-sale 304 - 2ms
2025-10-11 21:50:44 [info]: ::1 - GET /api/v1/buyer/cart 304 - 4ms
2025-10-11 21:50:45 [info]: ::1 - GET /api/v1/products 304 - 3ms
2025-10-11 21:50:46 [info]: ::1 - GET /api/v1/products?page=1&limit=20 304 - 4ms
2025-10-11 21:50:46 [info]: ::1 - GET /api/v1/buyer/cart 304 - 8ms
2025-10-11 21:50:47 [info]: ::1 - GET /api/v1/products 304 - 1ms
2025-10-11 21:50:47 [info]: ::1 - GET /api/v1/categories/top 304 - 2ms
2025-10-11 21:53:44 [info]: ::1 - GET /api/v1/buyer/cart 304 - 5ms
2025-10-11 21:53:45 [info]: ::1 - GET /api/v1/categories/top 304 - 5ms
2025-10-11 21:53:45 [info]: ::1 - GET /api/v1/products 304 - 3ms
2025-10-11 21:53:46 [info]: ::1 - GET /api/v1/products/flash-sale 304 - 6ms
2025-10-11 21:53:46 [info]: ::1 - GET /api/v1/buyer/cart 304 - 9ms
2025-10-11 21:53:48 [info]: ::1 - GET /api/v1/products?page=1&limit=20 304 - 6ms
2025-10-11 21:53:51 [info]: ::1 - GET /api/v1/categories/top 304 - 3ms
2025-10-11 21:53:51 [info]: ::1 - GET /api/v1/products 304 - 2ms
2025-10-11 21:53:51 [info]: ::1 - GET /api/v1/buyer/cart 304 - 5ms
2025-10-11 21:54:02 [info]: ::1 - GET /api/v1/buyer/cart 304 - 8ms
2025-10-11 21:54:02 [info]: ::1 - GET /api/v1/categories/top 304 - 6ms
2025-10-11 21:54:02 [info]: ::1 - GET /api/v1/products 304 - 5ms
2025-10-11 21:54:46 [info]: ::1 - GET /api/v1/products?page=1&limit=20 304 - 6ms
2025-10-11 21:54:46 [info]: ::1 - GET /api/v1/buyer/cart 304 - 9ms
2025-10-11 21:54:47 [info]: ::1 - GET /api/v1/categories/top 304 - 4ms
2025-10-11 21:54:47 [info]: ::1 - GET /api/v1/products 304 - 4ms
2025-10-11 21:54:49 [info]: ::1 - GET /api/v1/products/flash-sale 304 - 7ms
2025-10-11 21:54:49 [info]: ::1 - GET /api/v1/buyer/cart 304 - 18ms
2025-10-11 21:54:50 [info]: ::1 - GET /api/v1/categories 200 - 2ms
2025-10-11 21:54:50 [info]: ::1 - GET /api/v1/brands 304 - 2ms
2025-10-11 21:54:51 [info]: ::1 - GET /api/v1/categories/top 304 - 7ms
2025-10-11 21:54:51 [info]: ::1 - GET /api/v1/products 304 - 5ms
2025-10-11 21:54:51 [info]: ::1 - GET /api/v1/buyer/cart 304 - 8ms
2025-10-11 21:55:46 [info]: ::1 - GET /api/v1/categories/top 304 - 4ms
2025-10-11 21:55:46 [info]: ::1 - GET /api/v1/buyer/cart 304 - 8ms
2025-10-11 21:55:46 [info]: ::1 - GET /api/v1/products 304 - 4ms
2025-10-11 21:55:48 [info]: ::1 - GET /api/v1/products?page=1&limit=20 304 - 2ms
2025-10-11 21:55:49 [info]: ::1 - GET /api/v1/categories/top 304 - 3ms
2025-10-11 21:55:49 [info]: ::1 - GET /api/v1/products 304 - 3ms
2025-10-11 21:55:49 [info]: ::1 - GET /api/v1/buyer/cart 304 - 5ms
2025-10-11 21:55:51 [info]: ::1 - GET /api/v1/products/flash-sale 304 - 2ms
2025-10-11 21:55:51 [info]: ::1 - GET /api/v1/categories 304 - 2ms
2025-10-11 21:55:52 [info]: ::1 - GET /api/v1/categories/top 304 - 4ms
2025-10-11 21:55:52 [info]: ::1 - GET /api/v1/products 304 - 4ms
2025-10-11 21:55:52 [info]: ::1 - GET /api/v1/buyer/cart 304 - 5ms
2025-10-11 21:55:53 [info]: ::1 - GET /api/v1/products?page=1&limit=20 304 - 3ms
2025-10-11 21:56:38 [info]: ::1 - GET /api/v1/products?page=1&limit=20 304 - 2ms
2025-10-11 21:56:38 [info]: ::1 - GET /api/v1/buyer/cart 304 - 5ms
2025-10-11 21:56:52 [info]: ::1 - GET /api/v1/products?page=1&limit=20 304 - 3ms
2025-10-11 21:56:52 [info]: ::1 - GET /api/v1/buyer/cart 304 - 6ms
2025-10-11 21:56:53 [info]: ::1 - GET /api/v1/categories/top 304 - 6ms
2025-10-11 21:56:53 [info]: ::1 - GET /api/v1/products 304 - 7ms
2025-10-11 21:56:53 [info]: ::1 - GET /api/v1/products/flash-sale 304 - 7ms
2025-10-11 21:56:54 [info]: ::1 - GET /api/v1/categories 304 - 3ms
2025-10-11 21:56:55 [info]: ::1 - GET /api/v1/brands 304 - 4ms
2025-10-11 21:56:56 [info]: ::1 - GET /api/v1/products?page=1&limit=20 304 - 3ms
2025-10-11 21:56:56 [info]: ::1 - GET /api/v1/buyer/cart 304 - 4ms
2025-10-11 21:57:50 [info]: ::1 - GET /api/v1/products?page=1&limit=20 304 - 3ms
2025-10-11 21:57:50 [info]: ::1 - GET /api/v1/buyer/cart 304 - 6ms
2025-10-11 21:58:03 [info]: ::1 - GET /api/v1/products?page=1&limit=20 304 - 3ms
2025-10-11 21:58:03 [info]: ::1 - GET /api/v1/buyer/cart 304 - 7ms
2025-10-11 21:58:06 [info]: ::1 - GET /api/v1/products?page=1&limit=20 304 - 14ms
2025-10-11 21:58:06 [info]: ::1 - GET /api/v1/buyer/cart 304 - 24ms
2025-10-11 21:58:13 [info]: ::1 - GET /api/v1/buyer/cart 304 - 12ms
2025-10-11 21:58:13 [info]: ::1 - GET /api/v1/products?page=1&limit=20 304 - 8ms
2025-10-11 21:58:38 [info]: ::1 - GET /api/v1/products?page=1&limit=20 304 - 3ms
2025-10-11 21:58:38 [info]: ::1 - GET /api/v1/buyer/cart 304 - 10ms
2025-10-11 21:58:41 [info]: ::1 - GET /api/v1/products?page=1&limit=20 304 - 3ms
2025-10-11 21:58:41 [info]: ::1 - GET /api/v1/buyer/cart 304 - 5ms
2025-10-11 21:58:45 [info]: ::1 - GET /api/v1/buyer/cart 304 - 7ms
2025-10-11 21:58:45 [info]: ::1 - GET /api/v1/products?page=1&limit=20 304 - 7ms
2025-10-11 21:58:54 [info]: ::1 - GET /api/v1/products?page=1&limit=20 304 - 3ms
2025-10-11 21:58:54 [info]: ::1 - GET /api/v1/buyer/cart 304 - 8ms
2025-10-11 21:59:56 [info]: ::1 - GET /api/v1/products?page=1&limit=20 304 - 4ms
2025-10-11 21:59:56 [info]: ::1 - GET /api/v1/buyer/cart 304 - 7ms
2025-10-11 22:00:19 [info]: ::1 - GET /api/v1/products?page=1&limit=20 304 - 4ms
2025-10-11 22:00:19 [info]: ::1 - GET /api/v1/buyer/cart 304 - 9ms
2025-10-11 22:00:28 [info]: ::1 - GET /api/v1/buyer/cart 304 - 11ms
2025-10-11 22:00:28 [info]: ::1 - GET /api/v1/products?page=1&limit=20 304 - 11ms
2025-10-11 22:00:33 [info]: ::1 - GET /api/v1/categories/top 304 - 6ms
2025-10-11 22:00:33 [info]: ::1 - GET /api/v1/products 304 - 3ms
2025-10-11 22:00:33 [info]: ::1 - GET /api/v1/buyer/cart 304 - 7ms
2025-10-11 22:03:36 [info]: ::1 - GET /api/v1/buyer/cart 304 - 8ms
2025-10-11 22:03:36 [info]: ::1 - GET /api/v1/products 304 - 6ms
2025-10-11 22:03:36 [info]: ::1 - GET /api/v1/categories/top 304 - 5ms
2025-10-11 22:05:46 [info]: ::1 - GET /api/v1/categories/top 304 - 22ms
2025-10-11 22:05:46 [info]: ::1 - GET /api/v1/products 304 - 7ms
2025-10-11 22:05:46 [info]: ::1 - GET /api/v1/buyer/cart 304 - 8ms
2025-10-11 22:06:28 [info]: ::1 - GET /api/v1/products 304 - 3ms
2025-10-11 22:06:28 [info]: ::1 - GET /api/v1/categories/top 304 - 2ms
2025-10-11 22:06:28 [info]: ::1 - GET /api/v1/buyer/cart 304 - 51ms
2025-10-11 22:07:06 [info]: ::1 - GET /api/v1/categories/top 304 - 3ms
2025-10-11 22:07:06 [info]: ::1 - GET /api/v1/products 304 - 2ms
2025-10-11 22:07:06 [info]: ::1 - GET /api/v1/buyer/cart 304 - 5ms
2025-10-11 22:07:22 [info]: ::1 - GET /api/v1/categories/top 304 - 4ms
2025-10-11 22:07:22 [info]: ::1 - GET /api/v1/products 304 - 5ms
2025-10-11 22:07:22 [info]: ::1 - GET /api/v1/buyer/cart 304 - 4ms
2025-10-11 22:12:58 [info]: ::1 - GET /api/v1/products 304 - 18ms
2025-10-11 22:12:58 [info]: ::1 - GET /api/v1/categories/top 304 - 14ms
2025-10-11 22:12:58 [info]: ::1 - GET /api/v1/buyer/cart 304 - 11ms
2025-10-11 22:13:34 [info]: ::1 - GET /api/v1/buyer/cart 304 - 9ms
2025-10-11 22:13:34 [info]: ::1 - GET /api/v1/products 304 - 7ms
2025-10-11 22:13:34 [info]: ::1 - GET /api/v1/categories/top 304 - 6ms
2025-10-11 22:13:39 [info]: ::1 - GET /api/v1/categories/top 304 - 5ms
2025-10-11 22:13:39 [info]: ::1 - GET /api/v1/buyer/cart 304 - 20ms
2025-10-11 22:13:39 [info]: ::1 - GET /api/v1/products 304 - 8ms
2025-10-11 22:13:41 [info]: ::1 - GET /api/v1/categories/top 304 - 3ms
2025-10-11 22:13:41 [info]: ::1 - GET /api/v1/products 304 - 4ms
2025-10-11 22:13:41 [info]: ::1 - GET /api/v1/buyer/cart 304 - 5ms
2025-10-11 22:13:43 [info]: ::1 - GET /api/v1/categories/top 304 - 3ms
2025-10-11 22:13:43 [info]: ::1 - GET /api/v1/products 304 - 2ms
2025-10-11 22:13:43 [info]: ::1 - GET /api/v1/buyer/cart 304 - 3ms
2025-10-11 22:14:23 [info]: ::1 - GET /api/v1/products 304 - 16ms
2025-10-11 22:14:23 [info]: ::1 - GET /api/v1/categories/top 304 - 12ms
2025-10-11 22:14:23 [info]: ::1 - GET /api/v1/buyer/cart 304 - 9ms
2025-10-11 22:14:26 [info]: ::1 - GET /api/v1/categories/top 304 - 2ms
2025-10-11 22:14:26 [info]: ::1 - GET /api/v1/products 304 - 3ms
2025-10-11 22:14:26 [info]: ::1 - GET /api/v1/buyer/cart 304 - 5ms
2025-10-11 22:14:30 [info]: ::1 - GET /api/v1/categories/top 304 - 7ms
2025-10-11 22:14:30 [info]: ::1 - GET /api/v1/products 304 - 14ms
2025-10-11 22:14:30 [info]: ::1 - GET /api/v1/buyer/cart 304 - 18ms
2025-10-11 22:14:33 [info]: ::1 - GET /api/v1/categories/top 304 - 4ms
2025-10-11 22:14:33 [info]: ::1 - GET /api/v1/buyer/cart 304 - 10ms
2025-10-11 22:14:33 [info]: ::1 - GET /api/v1/products 304 - 8ms
2025-10-11 22:14:35 [info]: ::1 - GET /api/v1/categories/top 304 - 2ms
2025-10-11 22:14:35 [info]: ::1 - GET /api/v1/products 304 - 2ms
2025-10-11 22:14:35 [info]: ::1 - GET /api/v1/buyer/cart 304 - 5ms
2025-10-11 22:14:45 [info]: ::1 - GET /api/v1/categories/top 304 - 4ms
2025-10-11 22:14:45 [info]: ::1 - GET /api/v1/products 304 - 7ms
2025-10-11 22:14:45 [info]: ::1 - GET /api/v1/buyer/cart 304 - 8ms
2025-10-11 22:16:45 [info]: ::1 - GET /api/v1/products 304 - 9ms
2025-10-11 22:16:45 [info]: ::1 - GET /api/v1/categories/top 304 - 8ms
2025-10-11 22:16:45 [info]: ::1 - GET /api/v1/buyer/cart 304 - 8ms
2025-10-11 22:16:49 [info]: ::1 - GET /api/v1/categories/top 304 - 16ms
2025-10-11 22:16:49 [info]: ::1 - GET /api/v1/products 304 - 14ms
2025-10-11 22:16:49 [info]: ::1 - GET /api/v1/buyer/cart 304 - 24ms
2025-10-11 22:16:51 [info]: ::1 - GET /api/v1/products/flash-sale 304 - 4ms
2025-10-11 22:16:59 [info]: ::1 - GET /api/v1/categories/top 304 - 4ms
2025-10-11 22:16:59 [info]: ::1 - GET /api/v1/products 304 - 4ms
2025-10-11 22:16:59 [info]: ::1 - GET /api/v1/buyer/cart 304 - 3ms
2025-10-11 22:17:12 [info]: ::1 - GET /api/v1/categories/top 304 - 6ms
2025-10-11 22:17:12 [info]: ::1 - GET /api/v1/products 304 - 6ms
2025-10-11 22:17:12 [info]: ::1 - GET /api/v1/buyer/cart 304 - 7ms
2025-10-11 22:24:08 [info]: ::1 - GET /api/v1/products 304 - 7ms
2025-10-11 22:24:08 [info]: ::1 - GET /api/v1/categories/top 304 - 8ms
2025-10-11 22:24:08 [info]: ::1 - GET /api/v1/buyer/cart 304 - 9ms
2025-10-11 22:24:29 [info]: ::1 - GET /api/v1/categories/top 304 - 5ms
2025-10-11 22:24:29 [info]: ::1 - GET /api/v1/products 304 - 6ms
2025-10-11 22:24:29 [info]: ::1 - GET /api/v1/buyer/cart 304 - 7ms
2025-10-11 22:26:10 [info]: ::1 - GET /api/v1/categories/top 304 - 12ms
2025-10-11 22:26:10 [info]: ::1 - GET /api/v1/products 304 - 11ms
2025-10-11 22:26:10 [info]: ::1 - GET /api/v1/buyer/cart 304 - 30ms
