2025-10-09 15:44:07 [info]: ::1 - GET /public/68a1e7bb7d5b0cdd8e78b669-user/avatar/68a1e7bb7d5b0cdd8e78b669-avatar.jpg 404 - 8ms
2025-10-09 15:46:12 [info]: ::1 - GET /public/68a1e7bb7d5b0cdd8e78b669-user/avatar/68a1e7bb7d5b0cdd8e78b669-avatar.jpg 404 - 3ms
2025-10-09 15:47:08 [info]: ::1 - GET /public/68a1e7bb7d5b0cdd8e78b669-user/avatar/68a1e7bb7d5b0cdd8e78b669-avatar.jpg 404 - 0ms
2025-10-09 15:47:28 [info]: ::1 - GET /public/68a1e7bb7d5b0cdd8e78b669-user/avatar/68a1e7bb7d5b0cdd8e78b669-avatar.jpg 404 - 1ms
2025-10-09 15:52:07 [info]: ::1 - GET /public/68a1e7bb7d5b0cdd8e78b669-user/avatar/68a1e7bb7d5b0cdd8e78b669-avatar.jpg 404 - 4ms
2025-10-09 15:52:10 [info]: ::1 - GET /api/v1/categories/top 304 - 16ms
2025-10-09 15:52:10 [info]: ::1 - GET /api/v1/products 304 - 17ms
2025-10-09 15:54:44 [info]: ::1 - GET /public/68a1e7bb7d5b0cdd8e78b669-user/avatar/68a1e7bb7d5b0cdd8e78b669-avatar.jpg 404 - 3ms
2025-10-09 15:55:03 [info]: ::1 - GET /public/68a1e7bb7d5b0cdd8e78b669-user/avatar/68a1e7bb7d5b0cdd8e78b669-avatar.jpg 404 - 1ms
2025-10-09 15:55:14 [info]: ::1 - GET /api/v1/categories 200 - 18ms
2025-10-09 15:55:38 [info]: ::1 - GET /public/68a1e7bb7d5b0cdd8e78b669-user/avatar/68a1e7bb7d5b0cdd8e78b669-avatar.jpg 404 - 2ms
2025-10-09 15:56:26 [info]: ::1 - GET /public/68a1e7bb7d5b0cdd8e78b669-user/avatar/68a1e7bb7d5b0cdd8e78b669-avatar.jpg 404 - 1ms
2025-10-09 16:01:17 [info]: ::1 - GET /api/v1/products?page=1&limit=20 200 - 10ms
2025-10-09 16:01:18 [info]: ::1 - GET /public/68a1e7bb7d5b0cdd8e78b669-user/avatar/68a1e7bb7d5b0cdd8e78b669-avatar.jpg 404 - 1ms
2025-10-09 16:01:28 [info]: ::1 - GET /api/v1/products?page=1&limit=20 304 - 3ms
2025-10-09 16:01:59 [info]: ::1 - GET /api/v1/products?page=1&limit=20 304 - 3ms
2025-10-09 16:02:05 [info]: ::1 - GET /api/v1/products?page=1&limit=20 304 - 7ms
2025-10-09 16:02:34 [info]: ::1 - GET /api/v1/products?page=1&limit=20 304 - 10ms
2025-10-09 16:02:39 [info]: ::1 - GET /api/v1/products?page=1&limit=20 304 - 6ms
2025-10-09 16:03:06 [info]: ::1 - GET /api/v1/products?page=1&limit=20 304 - 4ms
2025-10-09 16:03:17 [info]: ::1 - GET /api/v1/products?page=1&limit=20 304 - 3ms
2025-10-09 16:03:30 [info]: ::1 - GET /api/v1/products?page=1&limit=20 304 - 9ms
2025-10-09 16:03:45 [info]: ::1 - GET /api/v1/products?page=1&limit=20 304 - 3ms
2025-10-09 16:03:59 [info]: ::1 - GET /api/v1/products?page=1&limit=20 304 - 4ms
2025-10-09 16:04:10 [info]: ::1 - GET /api/v1/products?page=1&limit=20 304 - 12ms
2025-10-09 16:04:19 [info]: ::1 - GET /api/v1/products?page=1&limit=20 304 - 3ms
2025-10-09 16:04:51 [info]: ::1 - GET /api/v1/products?page=1&limit=20 304 - 8ms
2025-10-09 16:05:26 [info]: ::1 - GET /api/v1/products?page=1&limit=20 304 - 4ms
2025-10-09 16:05:32 [info]: ::1 - GET /api/v1/products?page=1&limit=20 304 - 5ms
2025-10-09 16:10:13 [info]: ::1 - GET /public/68a1e7bb7d5b0cdd8e78b669-user/avatar/68a1e7bb7d5b0cdd8e78b669-avatar.jpg 404 - 1ms
2025-10-09 16:11:38 [info]: ::1 - GET /public/68a1e7bb7d5b0cdd8e78b669-user/avatar/68a1e7bb7d5b0cdd8e78b669-avatar.jpg 404 - 4ms
2025-10-09 16:11:45 [info]: ::1 - GET /public/68a1e7bb7d5b0cdd8e78b669-user/avatar/68a1e7bb7d5b0cdd8e78b669-avatar.jpg 404 - 3ms
2025-10-09 16:12:03 [info]: ::1 - GET /api/v1/products?page=1&limit=20 304 - 4ms
2025-10-09 16:12:06 [info]: ::1 - GET /api/v1/products?page=1&limit=20 304 - 2ms
2025-10-09 16:12:12 [info]: ::1 - GET /api/v1/products?page=1&limit=20 304 - 5ms
2025-10-09 16:12:21 [info]: ::1 - GET /api/v1/products?page=1&limit=20 304 - 4ms
2025-10-09 16:12:32 [info]: ::1 - GET /api/v1/products?page=1&limit=20 304 - 3ms
2025-10-09 16:13:31 [info]: ::1 - GET /api/v1/products?page=1&limit=20 304 - 8ms
2025-10-09 16:13:37 [info]: ::1 - GET /api/v1/products?page=1&limit=20 304 - 4ms
2025-10-09 16:13:42 [info]: ::1 - GET /api/v1/products?page=1&limit=20 304 - 2ms
2025-10-09 16:15:48 [info]: ::1 - GET /api/v1/products?page=1&limit=20 304 - 7ms
2025-10-09 16:16:02 [info]: ::1 - POST /api/v1/auth/login 200 - 100ms
2025-10-09 16:16:02 [info]: ::1 - GET /api/v1/buyer/cart 304 - 16ms
2025-10-09 16:16:02 [info]: ::1 - GET /api/v1/products?page=1&limit=20 304 - 24ms
2025-10-09 16:16:07 [info]: ::1 - POST /api/v1/buyer/cart/add 200 - 28ms
2025-10-09 16:16:07 [info]: ::1 - GET /api/v1/buyer/cart 200 - 5ms
2025-10-09 16:16:10 [info]: ::1 - GET /api/v1/buyer/cart 304 - 7ms
2025-10-09 16:16:11 [info]: ::1 - GET /api/v1/products?page=1&limit=20 304 - 3ms
2025-10-09 16:16:15 [info]: ::1 - GET /api/v1/buyer/cart 304 - 9ms
2025-10-09 16:16:33 [info]: ::1 - GET /api/v1/products?page=1&limit=20 304 - 6ms
2025-10-09 16:16:33 [info]: ::1 - GET /api/v1/buyer/cart 304 - 11ms
2025-10-09 16:17:29 [info]: ::1 - GET /api/v1/products?page=1&limit=20 304 - 4ms
2025-10-09 16:17:29 [info]: ::1 - GET /api/v1/buyer/cart 304 - 6ms
2025-10-09 16:17:31 [info]: ::1 - POST /api/v1/buyer/wishlist/68c0547a04f482aba5e8eae1 200 - 13ms
2025-10-09 16:17:36 [info]: ::1 - GET /api/v1/buyer/cart 304 - 28ms
2025-10-09 16:17:36 [info]: ::1 - GET /api/v1/buyer/wishlist/ 200 - 44ms
2025-10-09 16:17:40 [info]: ::1 - GET /api/v1/products?page=1&limit=20 304 - 4ms
2025-10-09 16:17:40 [info]: ::1 - GET /api/v1/buyer/cart 304 - 7ms
2025-10-09 16:18:04 [info]: ::1 - GET /api/v1/products?page=1&limit=20 304 - 4ms
2025-10-09 16:18:04 [info]: ::1 - GET /api/v1/buyer/cart 304 - 8ms
2025-10-09 16:18:24 [info]: ::1 - GET /api/v1/products?page=1&limit=20 304 - 3ms
2025-10-09 16:18:24 [info]: ::1 - GET /api/v1/buyer/cart 304 - 7ms
2025-10-09 16:20:38 [info]: ::1 - GET /api/v1/products?page=1&limit=20 304 - 20ms
2025-10-09 16:20:38 [info]: ::1 - GET /api/v1/buyer/cart 304 - 60ms
2025-10-09 16:20:42 [info]: ::1 - GET /api/v1/categories/top 304 - 10ms
2025-10-09 16:20:42 [info]: ::1 - GET /api/v1/products 304 - 11ms
2025-10-09 16:20:49 [info]: ::1 - GET /api/v1/products?page=1&limit=20 304 - 3ms
2025-10-09 16:20:49 [info]: ::1 - GET /api/v1/buyer/cart 304 - 7ms
2025-10-09 16:21:19 [info]: ::1 - GET /api/v1/products?page=1&limit=20 304 - 7ms
2025-10-09 16:21:19 [info]: ::1 - GET /api/v1/buyer/cart 304 - 10ms
2025-10-09 16:21:21 [info]: ::1 - GET /api/v1/categories 200 - 6ms
2025-10-09 16:22:21 [info]: ::1 - GET /api/v1/categories 200 - 6ms
2025-10-09 16:22:21 [info]: ::1 - GET /api/v1/buyer/cart 304 - 11ms
2025-10-09 16:22:26 [info]: ::1 - GET /api/v1/products 304 - 3ms
2025-10-09 16:22:26 [info]: ::1 - GET /api/v1/categories/top 304 - 5ms
2025-10-09 16:22:27 [info]: ::1 - GET /api/v1/categories 200 - 4ms
2025-10-09 16:22:28 [info]: ::1 - GET /api/v1/products?page=1&limit=20 304 - 3ms
2025-10-09 16:22:28 [info]: ::1 - GET /api/v1/buyer/cart 304 - 6ms
2025-10-09 16:22:31 [info]: ::1 - GET /api/v1/categories 200 - 2ms
2025-10-09 16:22:32 [info]: ::1 - GET /api/v1/products?page=1&limit=20 304 - 4ms
2025-10-09 16:22:32 [info]: ::1 - GET /api/v1/buyer/cart 304 - 7ms
2025-10-09 16:22:32 [info]: ::1 - GET /api/v1/categories/top 304 - 2ms
2025-10-09 16:22:32 [info]: ::1 - GET /api/v1/products 304 - 3ms
2025-10-09 16:22:44 [info]: ::1 - GET /api/v1/categories/top 304 - 3ms
2025-10-09 16:22:44 [info]: ::1 - GET /api/v1/buyer/cart 304 - 5ms
2025-10-09 16:22:44 [info]: ::1 - GET /api/v1/products 304 - 4ms
2025-10-09 16:22:46 [info]: ::1 - GET /api/v1/products?page=1&limit=20 304 - 4ms
2025-10-09 16:22:46 [info]: ::1 - GET /api/v1/buyer/cart 304 - 7ms
2025-10-09 16:22:53 [info]: ::1 - GET /api/v1/products?page=1&limit=20 304 - 4ms
2025-10-09 16:22:53 [info]: ::1 - GET /api/v1/buyer/cart 304 - 9ms
2025-10-09 16:23:49 [info]: ::1 - GET /api/v1/products?page=1&limit=20 200 - 6ms
2025-10-09 16:23:49 [info]: ::1 - GET /api/v1/buyer/cart 200 - 10ms
2025-10-09 16:24:05 [info]: ::1 - GET /api/v1/products?page=1&limit=20 304 - 4ms
2025-10-09 16:24:05 [info]: ::1 - GET /api/v1/buyer/cart 304 - 8ms
2025-10-09 16:25:12 [info]: ::1 - GET /api/v1/products?page=1&limit=20 304 - 80ms
2025-10-09 16:25:12 [info]: ::1 - GET /api/v1/buyer/cart 304 - 106ms
2025-10-09 16:25:15 [info]: ::1 - GET /api/v1/products?page=1&limit=20 304 - 4ms
2025-10-09 16:25:15 [info]: ::1 - GET /api/v1/buyer/cart 304 - 5ms
2025-10-09 16:25:17 [info]: ::1 - GET /api/v1/products/68c0547a04f482aba5e8eae1 200 - 6ms
2025-10-09 16:25:17 [info]: ::1 - GET /api/v1/buyer/cart 304 - 5ms
2025-10-09 16:25:19 [info]: ::1 - GET /api/v1/products?page=1&limit=20 304 - 4ms
2025-10-09 16:25:20 [info]: ::1 - GET /api/v1/products/68e2c6b1e18e0ce3828528ec 304 - 3ms
2025-10-09 16:25:20 [info]: ::1 - GET /api/v1/buyer/cart 304 - 6ms
2025-10-09 16:25:23 [info]: ::1 - GET /api/v1/products?page=1&limit=20 304 - 5ms
2025-10-09 16:25:23 [info]: ::1 - GET /api/v1/buyer/cart 304 - 8ms
2025-10-09 16:25:54 [info]: ::1 - GET /api/v1/buyer/cart 304 - 59ms
2025-10-09 16:25:54 [info]: ::1 - GET /api/v1/products?page=1&limit=20 304 - 38ms
2025-10-09 16:26:06 [info]: ::1 - GET /api/v1/products?page=1&limit=20 304 - 8ms
2025-10-09 16:26:06 [info]: ::1 - GET /api/v1/buyer/cart 304 - 26ms
2025-10-09 16:26:15 [info]: ::1 - GET /api/v1/buyer/cart 304 - 56ms
2025-10-09 16:26:15 [info]: ::1 - GET /api/v1/products?page=1&limit=20 304 - 74ms
2025-10-09 16:26:28 [info]: ::1 - GET /api/v1/products?page=1&limit=20 304 - 5ms
2025-10-09 16:26:28 [info]: ::1 - GET /api/v1/buyer/cart 304 - 9ms
2025-10-09 16:26:44 [info]: ::1 - GET /api/v1/products?page=1&limit=20 304 - 16ms
2025-10-09 16:26:44 [info]: ::1 - GET /api/v1/buyer/cart 304 - 33ms
2025-10-09 16:27:11 [info]: ::1 - GET /api/v1/products?page=1&limit=20 304 - 4ms
2025-10-09 16:27:11 [info]: ::1 - GET /api/v1/buyer/cart 304 - 9ms
2025-10-09 16:27:20 [info]: ::1 - GET /api/v1/products?page=1&limit=20 304 - 5ms
2025-10-09 16:27:20 [info]: ::1 - GET /api/v1/buyer/cart 304 - 8ms
2025-10-09 16:28:42 [info]: ::1 - GET /api/v1/products?page=1&limit=20 304 - 8ms
2025-10-09 16:28:42 [info]: ::1 - GET /api/v1/buyer/cart 304 - 7ms
2025-10-09 16:28:47 [info]: ::1 - GET /api/v1/products?page=1&limit=20 304 - 8ms
2025-10-09 16:28:47 [info]: ::1 - GET /api/v1/buyer/cart 304 - 11ms
